[2019-06-26 00:42:51]--[src_cgi/login_cgi.c:275]--len = 0, No data from standard input
[2019-06-26 02:13:30]--[src_cgi/login_cgi.c:288]--buf = {
    "pwd": "e10adc3949ba59abbe56e057f20f883e",
    "user": "madison"
}

[2019-06-26 02:13:30]--[src_cgi/login_cgi.c:294]--user = madison, pwd = e10adc3949ba59abbe56e057f20f883e
[2019-06-26 02:13:30]--[src_cgi/login_cgi.c:101]--mysql_user = admin, mysql_pwd = admin, mysql_db = cloud_disk
[2019-06-26 02:13:30]--[src_cgi/login_cgi.c:161]--redis:[ip=127.0.0.1,port=6379]
[2019-06-26 02:13:30]--[src_cgi/login_cgi.c:185]--tmp = madison39562610563
[2019-06-26 02:13:30]--[src_cgi/login_cgi.c:201]--base64 = 2TeueMtXSl0BMfhmkuXT0rWCdmo+rLmr
[2019-06-26 02:13:30]--[src_cgi/login_cgi.c:303]--token = 055ef65dda5a0f545c0740499b8ddca6
[2019-06-26 02:14:10]--[src_cgi/login_cgi.c:288]--buf = {
    "pwd": "e10adc3949ba59abbe56e057f20f883e",
    "user": "madison"
}

[2019-06-26 02:14:10]--[src_cgi/login_cgi.c:294]--user = madison, pwd = e10adc3949ba59abbe56e057f20f883e
[2019-06-26 02:14:10]--[src_cgi/login_cgi.c:101]--mysql_user = admin, mysql_pwd = admin, mysql_db = cloud_disk
[2019-06-26 02:14:10]--[src_cgi/login_cgi.c:161]--redis:[ip=127.0.0.1,port=6379]
[2019-06-26 02:14:10]--[src_cgi/login_cgi.c:185]--tmp = madison981217644615
[2019-06-26 02:14:10]--[src_cgi/login_cgi.c:201]--base64 = 0Qv3w6TuREoBOnNYrLycfsS4Z/XKkDU5
[2019-06-26 02:14:10]--[src_cgi/login_cgi.c:303]--token = 4fac6436d9443ee13093ea6537ada4b4
[2019-06-26 02:23:22]--[src_cgi/login_cgi.c:288]--buf = {
    "pwd": "e10adc3949ba59abbe56e057f20f883e",
    "user": "admin"
}

[2019-06-26 02:23:22]--[src_cgi/login_cgi.c:294]--user = admin, pwd = e10adc3949ba59abbe56e057f20f883e
[2019-06-26 02:23:22]--[src_cgi/login_cgi.c:101]--mysql_user = admin, mysql_pwd = admin, mysql_db = cloud_disk
[2019-06-26 02:23:22]--[src_cgi/login_cgi.c:161]--redis:[ip=127.0.0.1,port=6379]
[2019-06-26 02:23:22]--[src_cgi/login_cgi.c:185]--tmp = admin437344108444
[2019-06-26 02:23:22]--[src_cgi/login_cgi.c:201]--base64 = 9zeEu28thHzegRHwUk7eq5+HwxKUAZ0k
[2019-06-26 02:23:22]--[src_cgi/login_cgi.c:303]--token = 476822aac4d63be97578434ae4d67b57
[2019-06-26 02:35:31]--[src_cgi/login_cgi.c:288]--buf = {
    "pwd": "e10adc3949ba59abbe56e057f20f883e",
    "user": "admin"
}

[2019-06-26 02:35:31]--[src_cgi/login_cgi.c:294]--user = admin, pwd = e10adc3949ba59abbe56e057f20f883e
[2019-06-26 02:35:31]--[src_cgi/login_cgi.c:101]--mysql_user = admin, mysql_pwd = admin, mysql_db = cloud_disk
[2019-06-26 02:35:31]--[src_cgi/login_cgi.c:161]--redis:[ip=127.0.0.1,port=6379]
[2019-06-26 02:35:31]--[src_cgi/login_cgi.c:185]--tmp = admin293261313365
[2019-06-26 02:35:31]--[src_cgi/login_cgi.c:201]--base64 = UneROdIiEfOMuVa7zpvHf2+Ut+5trQL2
[2019-06-26 02:35:31]--[src_cgi/login_cgi.c:303]--token = 912c519554fea13f0d2562edd46b2f7a
[2019-06-26 02:36:16]--[src_cgi/login_cgi.c:288]--buf = {
    "pwd": "b0499a96ecd3679dcd8ef4f3b82a65e0",
    "user": "admin"
}

[2019-06-26 02:36:16]--[src_cgi/login_cgi.c:294]--user = admin, pwd = b0499a96ecd3679dcd8ef4f3b82a65e0
[2019-06-26 02:36:16]--[src_cgi/login_cgi.c:101]--mysql_user = admin, mysql_pwd = admin, mysql_db = cloud_disk
[2019-06-26 02:36:38]--[src_cgi/login_cgi.c:288]--buf = {
    "pwd": "e10adc3949ba59abbe56e057f20f883e",
    "user": "admin"
}

[2019-06-26 02:36:38]--[src_cgi/login_cgi.c:294]--user = admin, pwd = e10adc3949ba59abbe56e057f20f883e
[2019-06-26 02:36:38]--[src_cgi/login_cgi.c:101]--mysql_user = admin, mysql_pwd = admin, mysql_db = cloud_disk
[2019-06-26 02:36:38]--[src_cgi/login_cgi.c:161]--redis:[ip=127.0.0.1,port=6379]
[2019-06-26 02:36:38]--[src_cgi/login_cgi.c:185]--tmp = admin6588851224
[2019-06-26 02:36:38]--[src_cgi/login_cgi.c:201]--base64 = g1+FybVxzsccxZ+yzLcEZw==
[2019-06-26 02:36:38]--[src_cgi/login_cgi.c:303]--token = fe899af0c31575edc3a1a58a4cfc4961
[2019-06-26 02:39:16]--[src_cgi/login_cgi.c:288]--buf = {
    "pwd": "e10adc3949ba59abbe56e057f20f883e",
    "user": "admin"
}

[2019-06-26 02:39:16]--[src_cgi/login_cgi.c:294]--user = admin, pwd = e10adc3949ba59abbe56e057f20f883e
[2019-06-26 02:39:16]--[src_cgi/login_cgi.c:101]--mysql_user = admin, mysql_pwd = admin, mysql_db = cloud_disk
[2019-06-26 02:39:16]--[src_cgi/login_cgi.c:161]--redis:[ip=127.0.0.1,port=6379]
[2019-06-26 02:39:16]--[src_cgi/login_cgi.c:185]--tmp = admin582707904504
[2019-06-26 02:39:16]--[src_cgi/login_cgi.c:201]--base64 = ZloMKn6nzeiJXHfcAmuoqJ+HwxKUAZ0k
[2019-06-26 02:39:16]--[src_cgi/login_cgi.c:303]--token = 6772ec1f091121cc5e3ae5b3be516eb0
[2019-06-26 02:42:43]--[src_cgi/login_cgi.c:288]--buf = {
    "pwd": "e10adc3949ba59abbe56e057f20f883e",
    "user": "admin"
}

[2019-06-26 02:42:43]--[src_cgi/login_cgi.c:294]--user = admin, pwd = e10adc3949ba59abbe56e057f20f883e
[2019-06-26 02:42:43]--[src_cgi/login_cgi.c:101]--mysql_user = admin, mysql_pwd = admin, mysql_db = cloud_disk
[2019-06-26 02:42:43]--[src_cgi/login_cgi.c:161]--redis:[ip=127.0.0.1,port=6379]
[2019-06-26 02:42:43]--[src_cgi/login_cgi.c:185]--tmp = admin414782683614
[2019-06-26 02:42:43]--[src_cgi/login_cgi.c:201]--base64 = W+iJc8u7i/dw/5IoZFCepJ+HwxKUAZ0k
[2019-06-26 02:42:43]--[src_cgi/login_cgi.c:303]--token = 1e5eeef085460b1908004fa8d7d82a69
[2019-06-26 02:45:14]--[src_cgi/login_cgi.c:288]--buf = {
    "pwd": "e10adc3949ba59abbe56e057f20f883e",
    "user": "madison"
}

[2019-06-26 02:45:14]--[src_cgi/login_cgi.c:294]--user = madison, pwd = e10adc3949ba59abbe56e057f20f883e
[2019-06-26 02:45:14]--[src_cgi/login_cgi.c:101]--mysql_user = admin, mysql_pwd = admin, mysql_db = cloud_disk
[2019-06-26 02:45:14]--[src_cgi/login_cgi.c:161]--redis:[ip=127.0.0.1,port=6379]
[2019-06-26 02:45:14]--[src_cgi/login_cgi.c:185]--tmp = madison26822685768
[2019-06-26 02:45:14]--[src_cgi/login_cgi.c:201]--base64 = CGyvzMkE1U8UWmpSk8y9Ikr1NmJOQdwE
[2019-06-26 02:45:14]--[src_cgi/login_cgi.c:303]--token = dd04df22ec9acee2fe09e65230d9ef37
[2019-06-26 02:45:44]--[src_cgi/login_cgi.c:288]--buf = {
    "pwd": "e10adc3949ba59abbe56e057f20f883e",
    "user": "admin"
}

[2019-06-26 02:45:44]--[src_cgi/login_cgi.c:294]--user = admin, pwd = e10adc3949ba59abbe56e057f20f883e
[2019-06-26 02:45:44]--[src_cgi/login_cgi.c:101]--mysql_user = admin, mysql_pwd = admin, mysql_db = cloud_disk
[2019-06-26 02:45:44]--[src_cgi/login_cgi.c:161]--redis:[ip=127.0.0.1,port=6379]
[2019-06-26 02:45:44]--[src_cgi/login_cgi.c:185]--tmp = admin7323006831
[2019-06-26 02:45:44]--[src_cgi/login_cgi.c:201]--base64 = Oqo/vyK92BGxGJwjq2NuCw==
[2019-06-26 02:45:44]--[src_cgi/login_cgi.c:303]--token = 56460a35dbf3847d6ae9afad49fe4b0a
[2019-06-26 02:46:53]--[src_cgi/login_cgi.c:288]--buf = {
    "pwd": "e10adc3949ba59abbe56e057f20f883e",
    "user": "admin"
}

[2019-06-26 02:46:53]--[src_cgi/login_cgi.c:294]--user = admin, pwd = e10adc3949ba59abbe56e057f20f883e
[2019-06-26 02:46:53]--[src_cgi/login_cgi.c:101]--mysql_user = admin, mysql_pwd = admin, mysql_db = cloud_disk
[2019-06-26 02:46:53]--[src_cgi/login_cgi.c:161]--redis:[ip=127.0.0.1,port=6379]
[2019-06-26 02:46:53]--[src_cgi/login_cgi.c:185]--tmp = admin763403765744
[2019-06-26 02:46:53]--[src_cgi/login_cgi.c:201]--base64 = UIA/K+ydXwBrEyT2tmtuGZ+HwxKUAZ0k
[2019-06-26 02:46:53]--[src_cgi/login_cgi.c:303]--token = 080587a717c75b55c7a9fdaab89f3c0f
[2019-06-26 02:49:17]--[src_cgi/login_cgi.c:288]--buf = {
    "pwd": "e10adc3949ba59abbe56e057f20f883e",
    "user": "root"
}

[2019-06-26 02:49:17]--[src_cgi/login_cgi.c:294]--user = root, pwd = e10adc3949ba59abbe56e057f20f883e
[2019-06-26 02:49:17]--[src_cgi/login_cgi.c:101]--mysql_user = admin, mysql_pwd = admin, mysql_db = cloud_disk
[2019-06-26 02:49:17]--[src_cgi/login_cgi.c:161]--redis:[ip=127.0.0.1,port=6379]
[2019-06-26 02:49:17]--[src_cgi/login_cgi.c:185]--tmp = root606202363943
[2019-06-26 02:49:17]--[src_cgi/login_cgi.c:201]--base64 = k3+i9Xv2tc4Bqxnmfi5IpS0ZxLNK7pNJ
[2019-06-26 02:49:17]--[src_cgi/login_cgi.c:303]--token = 3703791e77d9460460ee920414991f22
[2019-06-26 13:18:19]--[src_cgi/login_cgi.c:288]--buf = {
    "pwd": "e10adc3949ba59abbe56e057f20f883e",
    "user": "root"
}

[2019-06-26 13:18:19]--[src_cgi/login_cgi.c:294]--user = root, pwd = e10adc3949ba59abbe56e057f20f883e
[2019-06-26 13:18:19]--[src_cgi/login_cgi.c:101]--mysql_user = admin, mysql_pwd = admin, mysql_db = cloud_disk
[2019-06-26 13:18:19]--[src_cgi/login_cgi.c:161]--redis:[ip=127.0.0.1,port=6379]
[2019-06-26 13:18:19]--[src_cgi/login_cgi.c:185]--tmp = root707200481416
[2019-06-26 13:18:19]--[src_cgi/login_cgi.c:201]--base64 = Nzj0fHy+YzuProxjz8ei9i0ZxLNK7pNJ
[2019-06-26 13:18:19]--[src_cgi/login_cgi.c:303]--token = 6369c335f64679a425716344dc618f73
[2019-06-26 15:06:03]--[src_cgi/login_cgi.c:288]--buf = {
    "pwd": "e10adc3949ba59abbe56e057f20f883e",
    "user": "root"
}

[2019-06-26 15:06:03]--[src_cgi/login_cgi.c:294]--user = root, pwd = e10adc3949ba59abbe56e057f20f883e
[2019-06-26 15:06:03]--[src_cgi/login_cgi.c:101]--mysql_user = admin, mysql_pwd = admin, mysql_db = cloud_disk
[2019-06-26 15:06:03]--[src_cgi/login_cgi.c:161]--redis:[ip=127.0.0.1,port=6379]
[2019-06-26 15:06:03]--[src_cgi/login_cgi.c:185]--tmp = root661236369342
[2019-06-26 15:06:03]--[src_cgi/login_cgi.c:201]--base64 = joQ8Upxx+kNNUOUOm6hXuS0ZxLNK7pNJ
[2019-06-26 15:06:03]--[src_cgi/login_cgi.c:303]--token = f7a26465719c0988d4262c02551b4679
[2019-06-26 15:09:52]--[src_cgi/login_cgi.c:288]--buf = {
    "pwd": "e10adc3949ba59abbe56e057f20f883e",
    "user": "root"
}

[2019-06-26 15:09:52]--[src_cgi/login_cgi.c:294]--user = root, pwd = e10adc3949ba59abbe56e057f20f883e
[2019-06-26 15:09:52]--[src_cgi/login_cgi.c:101]--mysql_user = admin, mysql_pwd = admin, mysql_db = cloud_disk
[2019-06-26 15:09:52]--[src_cgi/login_cgi.c:161]--redis:[ip=127.0.0.1,port=6379]
[2019-06-26 15:09:52]--[src_cgi/login_cgi.c:185]--tmp = root133802692709
[2019-06-26 15:09:52]--[src_cgi/login_cgi.c:201]--base64 = rNs0njXy4MypMZ73oQYMyS0ZxLNK7pNJ
[2019-06-26 15:09:52]--[src_cgi/login_cgi.c:303]--token = a6e53fd4a36c2031bcbafce960919002
[2019-06-26 15:12:06]--[src_cgi/login_cgi.c:288]--buf = {
    "pwd": "e10adc3949ba59abbe56e057f20f883e",
    "user": "root"
}

[2019-06-26 15:12:06]--[src_cgi/login_cgi.c:294]--user = root, pwd = e10adc3949ba59abbe56e057f20f883e
[2019-06-26 15:12:06]--[src_cgi/login_cgi.c:101]--mysql_user = admin, mysql_pwd = admin, mysql_db = cloud_disk
[2019-06-26 15:12:06]--[src_cgi/login_cgi.c:161]--redis:[ip=127.0.0.1,port=6379]
[2019-06-26 15:12:06]--[src_cgi/login_cgi.c:185]--tmp = root721347596564
[2019-06-26 15:12:06]--[src_cgi/login_cgi.c:201]--base64 = 069gCxs+nm7ZISbqPlmjUy0ZxLNK7pNJ
[2019-06-26 15:12:06]--[src_cgi/login_cgi.c:303]--token = aa6173a43d6a66736235fd7fce083e1f
[2019-06-26 16:22:20]--[src_cgi/login_cgi.c:288]--buf = {
    "pwd": "e10adc3949ba59abbe56e057f20f883e",
    "user": "madison"
}

[2019-06-26 16:22:20]--[src_cgi/login_cgi.c:294]--user = madison, pwd = e10adc3949ba59abbe56e057f20f883e
[2019-06-26 16:22:20]--[src_cgi/login_cgi.c:101]--mysql_user = admin, mysql_pwd = admin, mysql_db = cloud_disk
[2019-06-26 16:22:20]--[src_cgi/login_cgi.c:161]--redis:[ip=127.0.0.1,port=6379]
[2019-06-26 16:22:20]--[src_cgi/login_cgi.c:185]--tmp = madison326809448776
[2019-06-26 16:22:20]--[src_cgi/login_cgi.c:201]--base64 = 2TeueMtXSl2u5315+xscJnR8GMETDpBY
[2019-06-26 16:22:20]--[src_cgi/login_cgi.c:303]--token = d4e4bec7c8bbde2fd6b93ff46930815c
[2019-06-26 17:46:37]--[src_cgi/login_cgi.c:288]--buf = {
    "pwd": "e10adc3949ba59abbe56e057f20f883e",
    "user": "madison"
}

[2019-06-26 17:46:37]--[src_cgi/login_cgi.c:294]--user = madison, pwd = e10adc3949ba59abbe56e057f20f883e
[2019-06-26 17:46:37]--[src_cgi/login_cgi.c:101]--mysql_user = admin, mysql_pwd = admin, mysql_db = cloud_disk
[2019-06-26 17:46:37]--[src_cgi/login_cgi.c:161]--redis:[ip=127.0.0.1,port=6379]
[2019-06-26 17:46:37]--[src_cgi/login_cgi.c:185]--tmp = madison755872772651
[2019-06-26 17:46:37]--[src_cgi/login_cgi.c:201]--base64 = O5UOpphDoEEXGhKNjc68jNnBewlcsZIJ
[2019-06-26 17:46:37]--[src_cgi/login_cgi.c:303]--token = dda924797259113a4459562c313e8d8f
[2019-06-26 17:59:07]--[src_cgi/login_cgi.c:288]--buf = {
    "pwd": "e10adc3949ba59abbe56e057f20f883e",
    "user": "kevin"
}

[2019-06-26 17:59:07]--[src_cgi/login_cgi.c:294]--user = kevin, pwd = e10adc3949ba59abbe56e057f20f883e
[2019-06-26 17:59:07]--[src_cgi/login_cgi.c:101]--mysql_user = admin, mysql_pwd = admin, mysql_db = cloud_disk
[2019-06-26 17:59:07]--[src_cgi/login_cgi.c:161]--redis:[ip=127.0.0.1,port=6379]
[2019-06-26 17:59:07]--[src_cgi/login_cgi.c:185]--tmp = kevin936863514962
[2019-06-26 17:59:07]--[src_cgi/login_cgi.c:201]--base64 = Z5lVRmdFf7dfqv7Vaj9bI3j7pjZQFtzO
[2019-06-26 17:59:07]--[src_cgi/login_cgi.c:303]--token = 47c774f16f584366e148d860ac5d86a4
[2019-06-26 18:03:37]--[src_cgi/login_cgi.c:288]--buf = {
    "pwd": "e10adc3949ba59abbe56e057f20f883e",
    "user": "kevin"
}

[2019-06-26 18:03:37]--[src_cgi/login_cgi.c:294]--user = kevin, pwd = e10adc3949ba59abbe56e057f20f883e
[2019-06-26 18:03:37]--[src_cgi/login_cgi.c:101]--mysql_user = admin, mysql_pwd = admin, mysql_db = cloud_disk
[2019-06-26 18:03:37]--[src_cgi/login_cgi.c:161]--redis:[ip=127.0.0.1,port=6379]
[2019-06-26 18:03:37]--[src_cgi/login_cgi.c:185]--tmp = kevin73218511741
[2019-06-26 18:03:37]--[src_cgi/login_cgi.c:201]--base64 = 4Fg1A7AIuvtyeb6sPGu3dy0ZxLNK7pNJ
[2019-06-26 18:03:37]--[src_cgi/login_cgi.c:303]--token = fda17b11f89872887c27d6b53c822f75
[2019-06-26 18:05:30]--[src_cgi/login_cgi.c:288]--buf = {
    "pwd": "e10adc3949ba59abbe56e057f20f883e",
    "user": "kevin"
}

[2019-06-26 18:05:30]--[src_cgi/login_cgi.c:294]--user = kevin, pwd = e10adc3949ba59abbe56e057f20f883e
[2019-06-26 18:05:30]--[src_cgi/login_cgi.c:101]--mysql_user = admin, mysql_pwd = admin, mysql_db = cloud_disk
[2019-06-26 18:05:30]--[src_cgi/login_cgi.c:161]--redis:[ip=127.0.0.1,port=6379]
[2019-06-26 18:05:30]--[src_cgi/login_cgi.c:185]--tmp = kevin747922332342
[2019-06-26 18:05:30]--[src_cgi/login_cgi.c:201]--base64 = qnlHfggiE0lHZFXh/5kRBnj7pjZQFtzO
[2019-06-26 18:05:30]--[src_cgi/login_cgi.c:303]--token = 27f87a8c6d9d9218af275679293941fb
[2019-06-26 23:35:22]--[src_cgi/login_cgi.c:288]--buf = {
    "pwd": "e10adc3949ba59abbe56e057f20f883e",
    "user": "kevin"
}

[2019-06-26 23:35:22]--[src_cgi/login_cgi.c:294]--user = kevin, pwd = e10adc3949ba59abbe56e057f20f883e
[2019-06-26 23:35:22]--[src_cgi/login_cgi.c:101]--mysql_user = admin, mysql_pwd = admin, mysql_db = cloud_disk
[2019-06-26 23:35:22]--[src_cgi/login_cgi.c:161]--redis:[ip=127.0.0.1,port=6379]
[2019-06-26 23:35:22]--[src_cgi/login_cgi.c:185]--tmp = kevin956588942971
[2019-06-26 23:35:22]--[src_cgi/login_cgi.c:201]--base64 = 37zJx7jfbZH5IdAzgYwEhPlvnLKu4lWq
[2019-06-26 23:35:22]--[src_cgi/login_cgi.c:303]--token = 0ca3949888ef11e774f396a6f30062de
