[2019-06-26 02:14:34]--[src_cgi/md5_cgi.c:339]--buf = {
    "fileName": "top1.png",
    "md5": "3f3b68cfb16ecc029c41906c191517c4",
    "token": "4fac6436d9443ee13093ea6537ada4b4",
    "user": "madison"
}

[2019-06-26 02:14:34]--[src_cgi/md5_cgi.c:361]--user = madison, token = 4fac6436d9443ee13093ea6537ada4b4, md5 = 3f3b68cfb16ecc029c41906c191517c4, filename = top1.png
[2019-06-26 02:14:52]--[src_cgi/md5_cgi.c:339]--buf = {
    "fileName": "top2.png",
    "md5": "0b3d6834c056aea6e63a6d54d3f15bb8",
    "token": "4fac6436d9443ee13093ea6537ada4b4",
    "user": "madison"
}

[2019-06-26 02:14:52]--[src_cgi/md5_cgi.c:361]--user = madison, token = 4fac6436d9443ee13093ea6537ada4b4, md5 = 0b3d6834c056aea6e63a6d54d3f15bb8, filename = top2.png
[2019-06-26 02:14:53]--[src_cgi/md5_cgi.c:339]--buf = {
    "fileName": "top3.png",
    "md5": "0f3a7c3b2e82b201421a76578249634d",
    "token": "4fac6436d9443ee13093ea6537ada4b4",
    "user": "madison"
}

[2019-06-26 02:14:53]--[src_cgi/md5_cgi.c:361]--user = madison, token = 4fac6436d9443ee13093ea6537ada4b4, md5 = 0f3a7c3b2e82b201421a76578249634d, filename = top3.png
[2019-06-26 02:24:50]--[src_cgi/md5_cgi.c:339]--buf = {
    "fileName": "main.cpp",
    "md5": "5f2a390a60cb3d51355469fea61efa0b",
    "token": "476822aac4d63be97578434ae4d67b57",
    "user": "admin"
}

[2019-06-26 02:24:50]--[src_cgi/md5_cgi.c:361]--user = admin, token = 476822aac4d63be97578434ae4d67b57, md5 = 5f2a390a60cb3d51355469fea61efa0b, filename = main.cpp
[2019-06-26 02:25:18]--[src_cgi/md5_cgi.c:339]--buf = {
    "fileName": "top1.png",
    "md5": "3f3b68cfb16ecc029c41906c191517c4",
    "token": "476822aac4d63be97578434ae4d67b57",
    "user": "admin"
}

[2019-06-26 02:25:18]--[src_cgi/md5_cgi.c:361]--user = admin, token = 476822aac4d63be97578434ae4d67b57, md5 = 3f3b68cfb16ecc029c41906c191517c4, filename = top1.png
[2019-06-26 02:36:56]--[src_cgi/md5_cgi.c:339]--buf = {
    "fileName": "忽然之间.m4a",
    "md5": "081589edbd470b229ec3cef49eb33228",
    "token": "fe899af0c31575edc3a1a58a4cfc4961",
    "user": "admin"
}

[2019-06-26 02:36:56]--[src_cgi/md5_cgi.c:361]--user = admin, token = fe899af0c31575edc3a1a58a4cfc4961, md5 = 081589edbd470b229ec3cef49eb33228, filename = 忽然之间.m4a
[2019-06-26 02:54:14]--[src_cgi/md5_cgi.c:339]--buf = {
    "fileName": "hello.html",
    "md5": "ff6536238c43f7b904dca6976737271f",
    "token": "3703791e77d9460460ee920414991f22",
    "user": "root"
}

[2019-06-26 02:54:14]--[src_cgi/md5_cgi.c:361]--user = root, token = 3703791e77d9460460ee920414991f22, md5 = ff6536238c43f7b904dca6976737271f, filename = hello.html
[2019-06-26 17:43:38]--[src_cgi/md5_cgi.c:40]--mysql:[user=admin,pwd=admin,database=cloud_disk][2019-06-26 17:49:35]--[src_cgi/md5_cgi.c:40]--mysql:[user=admin,pwd=admin,database=cloud_disk][2019-06-26 17:55:37]--[src_cgi/md5_cgi.c:40]--mysql:[user=admin,pwd=admin,database=cloud_disk][2019-06-26 18:04:45]--[src_cgi/md5_cgi.c:339]--buf = {
    "fileName": "C65C1349-9442-423F-9EEE-6EE2E66E7098-7567-0000092C2FBCF8F5.jpg",
    "md5": "c973bad3043e43756c4b46283dd7d46d",
    "token": "fda17b11f89872887c27d6b53c822f75",
    "user": "kevin"
}

[2019-06-26 18:04:45]--[src_cgi/md5_cgi.c:361]--user = kevin, token = fda17b11f89872887c27d6b53c822f75, md5 = c973bad3043e43756c4b46283dd7d46d, filename = C65C1349-9442-423F-9EEE-6EE2E66E7098-7567-0000092C2FBCF8F5.jpg
[2019-06-26 18:06:01]--[src_cgi/md5_cgi.c:339]--buf = {
    "fileName": "global.h",
    "md5": "fb5f25364a4329219201a320280f7bf1",
    "token": "27f87a8c6d9d9218af275679293941fb",
    "user": "kevin"
}

[2019-06-26 18:06:01]--[src_cgi/md5_cgi.c:361]--user = kevin, token = 27f87a8c6d9d9218af275679293941fb, md5 = fb5f25364a4329219201a320280f7bf1, filename = global.h
[2019-06-26 18:06:15]--[src_cgi/md5_cgi.c:339]--buf = {
    "fileName": "login.cpp",
    "md5": "e981cee12650bc04d676eefb6d68e5ac",
    "token": "27f87a8c6d9d9218af275679293941fb",
    "user": "kevin"
}

[2019-06-26 18:06:15]--[src_cgi/md5_cgi.c:361]--user = kevin, token = 27f87a8c6d9d9218af275679293941fb, md5 = e981cee12650bc04d676eefb6d68e5ac, filename = login.cpp
[2019-06-26 18:06:36]--[src_cgi/md5_cgi.c:339]--buf = {
    "fileName": "title_share.png",
    "md5": "56a343b02b298ebb56ffcfde1a85299d",
    "token": "27f87a8c6d9d9218af275679293941fb",
    "user": "kevin"
}

[2019-06-26 18:06:36]--[src_cgi/md5_cgi.c:361]--user = kevin, token = 27f87a8c6d9d9218af275679293941fb, md5 = 56a343b02b298ebb56ffcfde1a85299d, filename = title_share.png
[2019-06-26 18:06:37]--[src_cgi/md5_cgi.c:339]--buf = {
    "fileName": "title_user.png",
    "md5": "e837f9ab7f2b7daf29445c8d1c2d5ff9",
    "token": "27f87a8c6d9d9218af275679293941fb",
    "user": "kevin"
}

[2019-06-26 18:06:37]--[src_cgi/md5_cgi.c:361]--user = kevin, token = 27f87a8c6d9d9218af275679293941fb, md5 = e837f9ab7f2b7daf29445c8d1c2d5ff9, filename = title_user.png
[2019-06-26 18:06:37]--[src_cgi/md5_cgi.c:339]--buf = {
    "fileName": "top1.png",
    "md5": "3f3b68cfb16ecc029c41906c191517c4",
    "token": "27f87a8c6d9d9218af275679293941fb",
    "user": "kevin"
}

[2019-06-26 18:06:37]--[src_cgi/md5_cgi.c:361]--user = kevin, token = 27f87a8c6d9d9218af275679293941fb, md5 = 3f3b68cfb16ecc029c41906c191517c4, filename = top1.png
[2019-06-26 18:06:54]--[src_cgi/md5_cgi.c:339]--buf = {
    "fileName": "login2.jpg",
    "md5": "086cd167e83f5e9dd9fcab1dbff4209e",
    "token": "27f87a8c6d9d9218af275679293941fb",
    "user": "kevin"
}

[2019-06-26 18:06:54]--[src_cgi/md5_cgi.c:361]--user = kevin, token = 27f87a8c6d9d9218af275679293941fb, md5 = 086cd167e83f5e9dd9fcab1dbff4209e, filename = login2.jpg
[2019-06-26 18:06:54]--[src_cgi/md5_cgi.c:339]--buf = {
    "fileName": "logo.ico",
    "md5": "0cc78b560045ae708ba0322f7b09fa3f",
    "token": "27f87a8c6d9d9218af275679293941fb",
    "user": "kevin"
}

[2019-06-26 18:06:54]--[src_cgi/md5_cgi.c:361]--user = kevin, token = 27f87a8c6d9d9218af275679293941fb, md5 = 0cc78b560045ae708ba0322f7b09fa3f, filename = logo.ico
[2019-06-26 22:27:55]--[src_cgi/md5_cgi.c:339]--buf = {
    "fileName": "top3.png",
    "md5": "0f3a7c3b2e82b201421a76578249634d",
    "token": "27f87a8c6d9d9218af275679293941fb",
    "user": "kevin"
}

[2019-06-26 22:27:55]--[src_cgi/md5_cgi.c:361]--user = kevin, token = 27f87a8c6d9d9218af275679293941fb, md5 = 0f3a7c3b2e82b201421a76578249634d, filename = top3.png
[2019-06-26 23:07:59]--[src_cgi/md5_cgi.c:40]--mysql:[user=admin,pwd=admin,database=cloud_disk]