[2019-06-26 02:13:31]--[src_cgi/myfiles_cgi.c:496]--cmd = count
[2019-06-26 02:13:31]--[src_cgi/myfiles_cgi.c:528]--buf = {
    "token": "055ef65dda5a0f545c0740499b8ddca6",
    "user": "madison"
}

[2019-06-26 02:13:31]--[src_cgi/myfiles_cgi.c:164]--select count from user_file_count where user="madison" 操作失败
[2019-06-26 02:13:31]--[src_cgi/myfiles_cgi.c:176]--line = 0
[2019-06-26 02:14:10]--[src_cgi/myfiles_cgi.c:496]--cmd = count
[2019-06-26 02:14:10]--[src_cgi/myfiles_cgi.c:528]--buf = {
    "token": "4fac6436d9443ee13093ea6537ada4b4",
    "user": "madison"
}

[2019-06-26 02:14:10]--[src_cgi/myfiles_cgi.c:164]--select count from user_file_count where user="madison" 操作失败
[2019-06-26 02:14:10]--[src_cgi/myfiles_cgi.c:176]--line = 0
[2019-06-26 02:14:38]--[src_cgi/myfiles_cgi.c:496]--cmd = count
[2019-06-26 02:14:38]--[src_cgi/myfiles_cgi.c:528]--buf = {
    "token": "4fac6436d9443ee13093ea6537ada4b4",
    "user": "madison"
}

[2019-06-26 02:14:38]--[src_cgi/myfiles_cgi.c:176]--line = 1
[2019-06-26 02:14:38]--[src_cgi/myfiles_cgi.c:496]--cmd = normal
[2019-06-26 02:14:38]--[src_cgi/myfiles_cgi.c:528]--buf = {
    "count": 1,
    "start": 0,
    "token": "4fac6436d9443ee13093ea6537ada4b4",
    "user": "madison"
}

[2019-06-26 02:14:38]--[src_cgi/myfiles_cgi.c:548]--user = madison, token = 4fac6436d9443ee13093ea6537ada4b4, start = 0, count = 1
[2019-06-26 02:14:38]--[src_cgi/myfiles_cgi.c:306]--select user_file_list.*, file_info.url, file_info.size, file_info.type from file_info, user_file_list where user = 'madison' and file_info.md5 = user_file_list.md5 limit 0, 1 在操作
[2019-06-26 02:14:38]--[src_cgi/myfiles_cgi.c:428]--{
	"files":	[{
			"user":	"madison",
			"md5":	"3f3b68cfb16ecc029c41906c191517c4",
			"time":	"2019-06-26 02:14:35",
			"filename":	"top1.png",
			"share_status":	0,
			"pv":	0,
			"url":	"http://192.168.0.10:80/group1/M00/00/00/wKgACl0SZIuAfBxUAABsSm3eEwY131.png",
			"size":	27722,
			"type":	"png"
		}]
}
[2019-06-26 02:14:54]--[src_cgi/myfiles_cgi.c:496]--cmd = count
[2019-06-26 02:14:54]--[src_cgi/myfiles_cgi.c:528]--buf = {
    "token": "4fac6436d9443ee13093ea6537ada4b4",
    "user": "madison"
}

[2019-06-26 02:14:54]--[src_cgi/myfiles_cgi.c:176]--line = 3
[2019-06-26 02:14:54]--[src_cgi/myfiles_cgi.c:496]--cmd = normal
[2019-06-26 02:14:54]--[src_cgi/myfiles_cgi.c:528]--buf = {
    "count": 3,
    "start": 0,
    "token": "4fac6436d9443ee13093ea6537ada4b4",
    "user": "madison"
}

[2019-06-26 02:14:54]--[src_cgi/myfiles_cgi.c:548]--user = madison, token = 4fac6436d9443ee13093ea6537ada4b4, start = 0, count = 3
[2019-06-26 02:14:54]--[src_cgi/myfiles_cgi.c:306]--select user_file_list.*, file_info.url, file_info.size, file_info.type from file_info, user_file_list where user = 'madison' and file_info.md5 = user_file_list.md5 limit 0, 3 在操作
[2019-06-26 02:14:54]--[src_cgi/myfiles_cgi.c:428]--{
	"files":	[{
			"user":	"madison",
			"md5":	"3f3b68cfb16ecc029c41906c191517c4",
			"time":	"2019-06-26 02:14:35",
			"filename":	"top1.png",
			"share_status":	0,
			"pv":	0,
			"url":	"http://192.168.0.10:80/group1/M00/00/00/wKgACl0SZIuAfBxUAABsSm3eEwY131.png",
			"size":	27722,
			"type":	"png"
		}, {
			"user":	"madison",
			"md5":	"0b3d6834c056aea6e63a6d54d3f15bb8",
			"time":	"2019-06-26 02:14:52",
			"filename":	"top2.png",
			"share_status":	0,
			"pv":	0,
			"url":	"http://192.168.0.10:80/group1/M00/00/00/wKgACl0SZJyAMUDxAAB4N65QicA451.png",
			"size":	30775,
			"type":	"png"
		}, {
			"user":	"madison",
			"md5":	"0f3a7c3b2e82b201421a76578249634d",
			"time":	"2019-06-26 02:14:53",
			"filename":	"top3.png",
			"share_status":	0,
			"pv":	0,
			"url":	"http://192.168.0.10:80/group1/M00/00/00/wKgACl0SZJ2AE4jiAAB_iAFr4Y8535.png",
			"size":	32648,
			"type":	"png"
		}]
}
[2019-06-26 02:15:23]--[src_cgi/myfiles_cgi.c:496]--cmd = count
[2019-06-26 02:15:23]--[src_cgi/myfiles_cgi.c:528]--buf = {
    "token": "4fac6436d9443ee13093ea6537ada4b4",
    "user": "madison"
}

[2019-06-26 02:15:23]--[src_cgi/myfiles_cgi.c:176]--line = 3
[2019-06-26 02:15:23]--[src_cgi/myfiles_cgi.c:496]--cmd = normal
[2019-06-26 02:15:23]--[src_cgi/myfiles_cgi.c:528]--buf = {
    "count": 3,
    "start": 0,
    "token": "4fac6436d9443ee13093ea6537ada4b4",
    "user": "madison"
}

[2019-06-26 02:15:23]--[src_cgi/myfiles_cgi.c:548]--user = madison, token = 4fac6436d9443ee13093ea6537ada4b4, start = 0, count = 3
[2019-06-26 02:15:23]--[src_cgi/myfiles_cgi.c:306]--select user_file_list.*, file_info.url, file_info.size, file_info.type from file_info, user_file_list where user = 'madison' and file_info.md5 = user_file_list.md5 limit 0, 3 在操作
[2019-06-26 02:15:23]--[src_cgi/myfiles_cgi.c:428]--{
	"files":	[{
			"user":	"madison",
			"md5":	"3f3b68cfb16ecc029c41906c191517c4",
			"time":	"2019-06-26 02:14:35",
			"filename":	"top1.png",
			"share_status":	0,
			"pv":	0,
			"url":	"http://192.168.0.10:80/group1/M00/00/00/wKgACl0SZIuAfBxUAABsSm3eEwY131.png",
			"size":	27722,
			"type":	"png"
		}, {
			"user":	"madison",
			"md5":	"0b3d6834c056aea6e63a6d54d3f15bb8",
			"time":	"2019-06-26 02:14:52",
			"filename":	"top2.png",
			"share_status":	0,
			"pv":	0,
			"url":	"http://192.168.0.10:80/group1/M00/00/00/wKgACl0SZJyAMUDxAAB4N65QicA451.png",
			"size":	30775,
			"type":	"png"
		}, {
			"user":	"madison",
			"md5":	"0f3a7c3b2e82b201421a76578249634d",
			"time":	"2019-06-26 02:14:53",
			"filename":	"top3.png",
			"share_status":	0,
			"pv":	0,
			"url":	"http://192.168.0.10:80/group1/M00/00/00/wKgACl0SZJ2AE4jiAAB_iAFr4Y8535.png",
			"size":	32648,
			"type":	"png"
		}]
}
[2019-06-26 02:15:28]--[src_cgi/myfiles_cgi.c:496]--cmd = count
[2019-06-26 02:15:28]--[src_cgi/myfiles_cgi.c:528]--buf = {
    "token": "4fac6436d9443ee13093ea6537ada4b4",
    "user": "madison"
}

[2019-06-26 02:15:28]--[src_cgi/myfiles_cgi.c:176]--line = 3
[2019-06-26 02:15:28]--[src_cgi/myfiles_cgi.c:496]--cmd = normal
[2019-06-26 02:15:28]--[src_cgi/myfiles_cgi.c:528]--buf = {
    "count": 3,
    "start": 0,
    "token": "4fac6436d9443ee13093ea6537ada4b4",
    "user": "madison"
}

[2019-06-26 02:15:28]--[src_cgi/myfiles_cgi.c:548]--user = madison, token = 4fac6436d9443ee13093ea6537ada4b4, start = 0, count = 3
[2019-06-26 02:15:28]--[src_cgi/myfiles_cgi.c:306]--select user_file_list.*, file_info.url, file_info.size, file_info.type from file_info, user_file_list where user = 'madison' and file_info.md5 = user_file_list.md5 limit 0, 3 在操作
[2019-06-26 02:15:28]--[src_cgi/myfiles_cgi.c:428]--{
	"files":	[{
			"user":	"madison",
			"md5":	"3f3b68cfb16ecc029c41906c191517c4",
			"time":	"2019-06-26 02:14:35",
			"filename":	"top1.png",
			"share_status":	0,
			"pv":	0,
			"url":	"http://192.168.0.10:80/group1/M00/00/00/wKgACl0SZIuAfBxUAABsSm3eEwY131.png",
			"size":	27722,
			"type":	"png"
		}, {
			"user":	"madison",
			"md5":	"0b3d6834c056aea6e63a6d54d3f15bb8",
			"time":	"2019-06-26 02:14:52",
			"filename":	"top2.png",
			"share_status":	0,
			"pv":	0,
			"url":	"http://192.168.0.10:80/group1/M00/00/00/wKgACl0SZJyAMUDxAAB4N65QicA451.png",
			"size":	30775,
			"type":	"png"
		}, {
			"user":	"madison",
			"md5":	"0f3a7c3b2e82b201421a76578249634d",
			"time":	"2019-06-26 02:14:53",
			"filename":	"top3.png",
			"share_status":	0,
			"pv":	0,
			"url":	"http://192.168.0.10:80/group1/M00/00/00/wKgACl0SZJ2AE4jiAAB_iAFr4Y8535.png",
			"size":	32648,
			"type":	"png"
		}]
}
[2019-06-26 02:17:36]--[src_cgi/myfiles_cgi.c:496]--cmd = count
[2019-06-26 02:17:36]--[src_cgi/myfiles_cgi.c:528]--buf = {
    "token": "4fac6436d9443ee13093ea6537ada4b4",
    "user": "madison"
}

[2019-06-26 02:17:36]--[src_cgi/myfiles_cgi.c:176]--line = 3
[2019-06-26 02:17:36]--[src_cgi/myfiles_cgi.c:496]--cmd = normal
[2019-06-26 02:17:36]--[src_cgi/myfiles_cgi.c:528]--buf = {
    "count": 3,
    "start": 0,
    "token": "4fac6436d9443ee13093ea6537ada4b4",
    "user": "madison"
}

[2019-06-26 02:17:36]--[src_cgi/myfiles_cgi.c:548]--user = madison, token = 4fac6436d9443ee13093ea6537ada4b4, start = 0, count = 3
[2019-06-26 02:17:36]--[src_cgi/myfiles_cgi.c:306]--select user_file_list.*, file_info.url, file_info.size, file_info.type from file_info, user_file_list where user = 'madison' and file_info.md5 = user_file_list.md5 limit 0, 3 在操作
[2019-06-26 02:17:36]--[src_cgi/myfiles_cgi.c:428]--{
	"files":	[{
			"user":	"madison",
			"md5":	"3f3b68cfb16ecc029c41906c191517c4",
			"time":	"2019-06-26 02:14:35",
			"filename":	"top1.png",
			"share_status":	0,
			"pv":	0,
			"url":	"http://192.168.0.10:80/group1/M00/00/00/wKgACl0SZIuAfBxUAABsSm3eEwY131.png",
			"size":	27722,
			"type":	"png"
		}, {
			"user":	"madison",
			"md5":	"0b3d6834c056aea6e63a6d54d3f15bb8",
			"time":	"2019-06-26 02:14:52",
			"filename":	"top2.png",
			"share_status":	0,
			"pv":	0,
			"url":	"http://192.168.0.10:80/group1/M00/00/00/wKgACl0SZJyAMUDxAAB4N65QicA451.png",
			"size":	30775,
			"type":	"png"
		}, {
			"user":	"madison",
			"md5":	"0f3a7c3b2e82b201421a76578249634d",
			"time":	"2019-06-26 02:14:53",
			"filename":	"top3.png",
			"share_status":	0,
			"pv":	0,
			"url":	"http://192.168.0.10:80/group1/M00/00/00/wKgACl0SZJ2AE4jiAAB_iAFr4Y8535.png",
			"size":	32648,
			"type":	"png"
		}]
}
[2019-06-26 02:20:10]--[src_cgi/myfiles_cgi.c:496]--cmd = count
[2019-06-26 02:20:10]--[src_cgi/myfiles_cgi.c:528]--buf = {
    "token": "4fac6436d9443ee13093ea6537ada4b4",
    "user": "madison"
}

[2019-06-26 02:20:10]--[src_cgi/myfiles_cgi.c:176]--line = 3
[2019-06-26 02:20:10]--[src_cgi/myfiles_cgi.c:496]--cmd = normal
[2019-06-26 02:20:10]--[src_cgi/myfiles_cgi.c:528]--buf = {
    "count": 3,
    "start": 0,
    "token": "4fac6436d9443ee13093ea6537ada4b4",
    "user": "madison"
}

[2019-06-26 02:20:10]--[src_cgi/myfiles_cgi.c:548]--user = madison, token = 4fac6436d9443ee13093ea6537ada4b4, start = 0, count = 3
[2019-06-26 02:20:10]--[src_cgi/myfiles_cgi.c:306]--select user_file_list.*, file_info.url, file_info.size, file_info.type from file_info, user_file_list where user = 'madison' and file_info.md5 = user_file_list.md5 limit 0, 3 在操作
[2019-06-26 02:20:10]--[src_cgi/myfiles_cgi.c:428]--{
	"files":	[{
			"user":	"madison",
			"md5":	"3f3b68cfb16ecc029c41906c191517c4",
			"time":	"2019-06-26 02:14:35",
			"filename":	"top1.png",
			"share_status":	0,
			"pv":	0,
			"url":	"http://192.168.0.10:80/group1/M00/00/00/wKgACl0SZIuAfBxUAABsSm3eEwY131.png",
			"size":	27722,
			"type":	"png"
		}, {
			"user":	"madison",
			"md5":	"0b3d6834c056aea6e63a6d54d3f15bb8",
			"time":	"2019-06-26 02:14:52",
			"filename":	"top2.png",
			"share_status":	0,
			"pv":	0,
			"url":	"http://192.168.0.10:80/group1/M00/00/00/wKgACl0SZJyAMUDxAAB4N65QicA451.png",
			"size":	30775,
			"type":	"png"
		}, {
			"user":	"madison",
			"md5":	"0f3a7c3b2e82b201421a76578249634d",
			"time":	"2019-06-26 02:14:53",
			"filename":	"top3.png",
			"share_status":	1,
			"pv":	0,
			"url":	"http://192.168.0.10:80/group1/M00/00/00/wKgACl0SZJ2AE4jiAAB_iAFr4Y8535.png",
			"size":	32648,
			"type":	"png"
		}]
}
[2019-06-26 02:20:49]--[src_cgi/myfiles_cgi.c:496]--cmd = count
[2019-06-26 02:20:49]--[src_cgi/myfiles_cgi.c:528]--buf = {
    "token": "4fac6436d9443ee13093ea6537ada4b4",
    "user": "madison"
}

[2019-06-26 02:20:49]--[src_cgi/myfiles_cgi.c:176]--line = 3
[2019-06-26 02:20:49]--[src_cgi/myfiles_cgi.c:496]--cmd = normal
[2019-06-26 02:20:49]--[src_cgi/myfiles_cgi.c:528]--buf = {
    "count": 3,
    "start": 0,
    "token": "4fac6436d9443ee13093ea6537ada4b4",
    "user": "madison"
}

[2019-06-26 02:20:49]--[src_cgi/myfiles_cgi.c:548]--user = madison, token = 4fac6436d9443ee13093ea6537ada4b4, start = 0, count = 3
[2019-06-26 02:20:49]--[src_cgi/myfiles_cgi.c:306]--select user_file_list.*, file_info.url, file_info.size, file_info.type from file_info, user_file_list where user = 'madison' and file_info.md5 = user_file_list.md5 limit 0, 3 在操作
[2019-06-26 02:20:49]--[src_cgi/myfiles_cgi.c:428]--{
	"files":	[{
			"user":	"madison",
			"md5":	"3f3b68cfb16ecc029c41906c191517c4",
			"time":	"2019-06-26 02:14:35",
			"filename":	"top1.png",
			"share_status":	0,
			"pv":	0,
			"url":	"http://192.168.0.10:80/group1/M00/00/00/wKgACl0SZIuAfBxUAABsSm3eEwY131.png",
			"size":	27722,
			"type":	"png"
		}, {
			"user":	"madison",
			"md5":	"0b3d6834c056aea6e63a6d54d3f15bb8",
			"time":	"2019-06-26 02:14:52",
			"filename":	"top2.png",
			"share_status":	0,
			"pv":	0,
			"url":	"http://192.168.0.10:80/group1/M00/00/00/wKgACl0SZJyAMUDxAAB4N65QicA451.png",
			"size":	30775,
			"type":	"png"
		}, {
			"user":	"madison",
			"md5":	"0f3a7c3b2e82b201421a76578249634d",
			"time":	"2019-06-26 02:14:53",
			"filename":	"top3.png",
			"share_status":	1,
			"pv":	0,
			"url":	"http://192.168.0.10:80/group1/M00/00/00/wKgACl0SZJ2AE4jiAAB_iAFr4Y8535.png",
			"size":	32648,
			"type":	"png"
		}]
}
[2019-06-26 02:23:22]--[src_cgi/myfiles_cgi.c:496]--cmd = count
[2019-06-26 02:23:22]--[src_cgi/myfiles_cgi.c:528]--buf = {
    "token": "476822aac4d63be97578434ae4d67b57",
    "user": "admin"
}

[2019-06-26 02:23:22]--[src_cgi/myfiles_cgi.c:164]--select count from user_file_count where user="admin" 操作失败
[2019-06-26 02:23:22]--[src_cgi/myfiles_cgi.c:176]--line = 0
[2019-06-26 02:23:28]--[src_cgi/myfiles_cgi.c:496]--cmd = count
[2019-06-26 02:23:28]--[src_cgi/myfiles_cgi.c:528]--buf = {
    "token": "476822aac4d63be97578434ae4d67b57",
    "user": "admin"
}

[2019-06-26 02:23:28]--[src_cgi/myfiles_cgi.c:164]--select count from user_file_count where user="admin" 操作失败
[2019-06-26 02:23:28]--[src_cgi/myfiles_cgi.c:176]--line = 0
[2019-06-26 02:23:33]--[src_cgi/myfiles_cgi.c:496]--cmd = count
[2019-06-26 02:23:33]--[src_cgi/myfiles_cgi.c:528]--buf = {
    "token": "476822aac4d63be97578434ae4d67b57",
    "user": "admin"
}

[2019-06-26 02:23:33]--[src_cgi/myfiles_cgi.c:164]--select count from user_file_count where user="admin" 操作失败
[2019-06-26 02:23:33]--[src_cgi/myfiles_cgi.c:176]--line = 0
[2019-06-26 02:25:10]--[src_cgi/myfiles_cgi.c:496]--cmd = count
[2019-06-26 02:25:10]--[src_cgi/myfiles_cgi.c:528]--buf = {
    "token": "476822aac4d63be97578434ae4d67b57",
    "user": "admin"
}

[2019-06-26 02:25:10]--[src_cgi/myfiles_cgi.c:176]--line = 1
[2019-06-26 02:25:10]--[src_cgi/myfiles_cgi.c:496]--cmd = normal
[2019-06-26 02:25:10]--[src_cgi/myfiles_cgi.c:528]--buf = {
    "count": 1,
    "start": 0,
    "token": "476822aac4d63be97578434ae4d67b57",
    "user": "admin"
}

[2019-06-26 02:25:10]--[src_cgi/myfiles_cgi.c:548]--user = admin, token = 476822aac4d63be97578434ae4d67b57, start = 0, count = 1
[2019-06-26 02:25:10]--[src_cgi/myfiles_cgi.c:306]--select user_file_list.*, file_info.url, file_info.size, file_info.type from file_info, user_file_list where user = 'admin' and file_info.md5 = user_file_list.md5 limit 0, 1 在操作
[2019-06-26 02:25:10]--[src_cgi/myfiles_cgi.c:428]--{
	"files":	[{
			"user":	"admin",
			"md5":	"5f2a390a60cb3d51355469fea61efa0b",
			"time":	"2019-06-26 02:24:50",
			"filename":	"main.cpp",
			"share_status":	0,
			"pv":	0,
			"url":	"http://192.168.0.10:80/group1/M00/00/00/wKgACl0SZvKAeZtzAAAAxnRgnrY488.cpp",
			"size":	198,
			"type":	"cpp"
		}]
}
[2019-06-26 02:27:14]--[src_cgi/myfiles_cgi.c:496]--cmd = count
[2019-06-26 02:27:14]--[src_cgi/myfiles_cgi.c:528]--buf = {
    "token": "476822aac4d63be97578434ae4d67b57",
    "user": "admin"
}

[2019-06-26 02:27:14]--[src_cgi/myfiles_cgi.c:176]--line = 2
[2019-06-26 02:27:14]--[src_cgi/myfiles_cgi.c:496]--cmd = normal
[2019-06-26 02:27:14]--[src_cgi/myfiles_cgi.c:528]--buf = {
    "count": 2,
    "start": 0,
    "token": "476822aac4d63be97578434ae4d67b57",
    "user": "admin"
}

[2019-06-26 02:27:14]--[src_cgi/myfiles_cgi.c:548]--user = admin, token = 476822aac4d63be97578434ae4d67b57, start = 0, count = 2
[2019-06-26 02:27:14]--[src_cgi/myfiles_cgi.c:306]--select user_file_list.*, file_info.url, file_info.size, file_info.type from file_info, user_file_list where user = 'admin' and file_info.md5 = user_file_list.md5 limit 0, 2 在操作
[2019-06-26 02:27:14]--[src_cgi/myfiles_cgi.c:428]--{
	"files":	[{
			"user":	"admin",
			"md5":	"5f2a390a60cb3d51355469fea61efa0b",
			"time":	"2019-06-26 02:24:50",
			"filename":	"main.cpp",
			"share_status":	0,
			"pv":	0,
			"url":	"http://192.168.0.10:80/group1/M00/00/00/wKgACl0SZvKAeZtzAAAAxnRgnrY488.cpp",
			"size":	198,
			"type":	"cpp"
		}, {
			"user":	"admin",
			"md5":	"3f3b68cfb16ecc029c41906c191517c4",
			"time":	"2019-06-26 02:25:18",
			"filename":	"top1.png",
			"share_status":	0,
			"pv":	0,
			"url":	"http://192.168.0.10:80/group1/M00/00/00/wKgACl0SZIuAfBxUAABsSm3eEwY131.png",
			"size":	27722,
			"type":	"png"
		}]
}
[2019-06-26 02:35:31]--[src_cgi/myfiles_cgi.c:496]--cmd = count
[2019-06-26 02:35:31]--[src_cgi/myfiles_cgi.c:528]--buf = {
    "token": "912c519554fea13f0d2562edd46b2f7a",
    "user": "admin"
}

[2019-06-26 02:35:31]--[src_cgi/myfiles_cgi.c:176]--line = 2
[2019-06-26 02:35:31]--[src_cgi/myfiles_cgi.c:496]--cmd = normal
[2019-06-26 02:35:31]--[src_cgi/myfiles_cgi.c:528]--buf = {
    "count": 2,
    "start": 0,
    "token": "912c519554fea13f0d2562edd46b2f7a",
    "user": "admin"
}

[2019-06-26 02:35:31]--[src_cgi/myfiles_cgi.c:548]--user = admin, token = 912c519554fea13f0d2562edd46b2f7a, start = 0, count = 2
[2019-06-26 02:35:31]--[src_cgi/myfiles_cgi.c:306]--select user_file_list.*, file_info.url, file_info.size, file_info.type from file_info, user_file_list where user = 'admin' and file_info.md5 = user_file_list.md5 limit 0, 2 在操作
[2019-06-26 02:35:31]--[src_cgi/myfiles_cgi.c:428]--{
	"files":	[{
			"user":	"admin",
			"md5":	"5f2a390a60cb3d51355469fea61efa0b",
			"time":	"2019-06-26 02:24:50",
			"filename":	"main.cpp",
			"share_status":	0,
			"pv":	0,
			"url":	"http://192.168.0.10:80/group1/M00/00/00/wKgACl0SZvKAeZtzAAAAxnRgnrY488.cpp",
			"size":	198,
			"type":	"cpp"
		}, {
			"user":	"admin",
			"md5":	"3f3b68cfb16ecc029c41906c191517c4",
			"time":	"2019-06-26 02:25:18",
			"filename":	"top1.png",
			"share_status":	0,
			"pv":	0,
			"url":	"http://192.168.0.10:80/group1/M00/00/00/wKgACl0SZIuAfBxUAABsSm3eEwY131.png",
			"size":	27722,
			"type":	"png"
		}]
}
[2019-06-26 02:36:38]--[src_cgi/myfiles_cgi.c:496]--cmd = count
[2019-06-26 02:36:38]--[src_cgi/myfiles_cgi.c:528]--buf = {
    "token": "fe899af0c31575edc3a1a58a4cfc4961",
    "user": "admin"
}

[2019-06-26 02:36:38]--[src_cgi/myfiles_cgi.c:176]--line = 2
[2019-06-26 02:36:38]--[src_cgi/myfiles_cgi.c:496]--cmd = normal
[2019-06-26 02:36:38]--[src_cgi/myfiles_cgi.c:528]--buf = {
    "count": 2,
    "start": 0,
    "token": "fe899af0c31575edc3a1a58a4cfc4961",
    "user": "admin"
}

[2019-06-26 02:36:38]--[src_cgi/myfiles_cgi.c:548]--user = admin, token = fe899af0c31575edc3a1a58a4cfc4961, start = 0, count = 2
[2019-06-26 02:36:38]--[src_cgi/myfiles_cgi.c:306]--select user_file_list.*, file_info.url, file_info.size, file_info.type from file_info, user_file_list where user = 'admin' and file_info.md5 = user_file_list.md5 limit 0, 2 在操作
[2019-06-26 02:36:38]--[src_cgi/myfiles_cgi.c:428]--{
	"files":	[{
			"user":	"admin",
			"md5":	"5f2a390a60cb3d51355469fea61efa0b",
			"time":	"2019-06-26 02:24:50",
			"filename":	"main.cpp",
			"share_status":	0,
			"pv":	0,
			"url":	"http://192.168.0.10:80/group1/M00/00/00/wKgACl0SZvKAeZtzAAAAxnRgnrY488.cpp",
			"size":	198,
			"type":	"cpp"
		}, {
			"user":	"admin",
			"md5":	"3f3b68cfb16ecc029c41906c191517c4",
			"time":	"2019-06-26 02:25:18",
			"filename":	"top1.png",
			"share_status":	0,
			"pv":	0,
			"url":	"http://192.168.0.10:80/group1/M00/00/00/wKgACl0SZIuAfBxUAABsSm3eEwY131.png",
			"size":	27722,
			"type":	"png"
		}]
}
[2019-06-26 02:36:40]--[src_cgi/myfiles_cgi.c:496]--cmd = count
[2019-06-26 02:36:40]--[src_cgi/myfiles_cgi.c:528]--buf = {
    "token": "fe899af0c31575edc3a1a58a4cfc4961",
    "user": "admin"
}

[2019-06-26 02:36:40]--[src_cgi/myfiles_cgi.c:176]--line = 2
[2019-06-26 02:36:40]--[src_cgi/myfiles_cgi.c:496]--cmd = normal
[2019-06-26 02:36:40]--[src_cgi/myfiles_cgi.c:528]--buf = {
    "count": 2,
    "start": 0,
    "token": "fe899af0c31575edc3a1a58a4cfc4961",
    "user": "admin"
}

[2019-06-26 02:36:40]--[src_cgi/myfiles_cgi.c:548]--user = admin, token = fe899af0c31575edc3a1a58a4cfc4961, start = 0, count = 2
[2019-06-26 02:36:40]--[src_cgi/myfiles_cgi.c:306]--select user_file_list.*, file_info.url, file_info.size, file_info.type from file_info, user_file_list where user = 'admin' and file_info.md5 = user_file_list.md5 limit 0, 2 在操作
[2019-06-26 02:36:40]--[src_cgi/myfiles_cgi.c:428]--{
	"files":	[{
			"user":	"admin",
			"md5":	"5f2a390a60cb3d51355469fea61efa0b",
			"time":	"2019-06-26 02:24:50",
			"filename":	"main.cpp",
			"share_status":	0,
			"pv":	0,
			"url":	"http://192.168.0.10:80/group1/M00/00/00/wKgACl0SZvKAeZtzAAAAxnRgnrY488.cpp",
			"size":	198,
			"type":	"cpp"
		}, {
			"user":	"admin",
			"md5":	"3f3b68cfb16ecc029c41906c191517c4",
			"time":	"2019-06-26 02:25:18",
			"filename":	"top1.png",
			"share_status":	0,
			"pv":	0,
			"url":	"http://192.168.0.10:80/group1/M00/00/00/wKgACl0SZIuAfBxUAABsSm3eEwY131.png",
			"size":	27722,
			"type":	"png"
		}]
}
[2019-06-26 02:36:43]--[src_cgi/myfiles_cgi.c:496]--cmd = count
[2019-06-26 02:36:43]--[src_cgi/myfiles_cgi.c:528]--buf = {
    "token": "fe899af0c31575edc3a1a58a4cfc4961",
    "user": "admin"
}

[2019-06-26 02:36:43]--[src_cgi/myfiles_cgi.c:176]--line = 2
[2019-06-26 02:36:44]--[src_cgi/myfiles_cgi.c:496]--cmd = normal
[2019-06-26 02:36:44]--[src_cgi/myfiles_cgi.c:528]--buf = {
    "count": 2,
    "start": 0,
    "token": "fe899af0c31575edc3a1a58a4cfc4961",
    "user": "admin"
}

[2019-06-26 02:36:44]--[src_cgi/myfiles_cgi.c:548]--user = admin, token = fe899af0c31575edc3a1a58a4cfc4961, start = 0, count = 2
[2019-06-26 02:36:44]--[src_cgi/myfiles_cgi.c:306]--select user_file_list.*, file_info.url, file_info.size, file_info.type from file_info, user_file_list where user = 'admin' and file_info.md5 = user_file_list.md5 limit 0, 2 在操作
[2019-06-26 02:36:44]--[src_cgi/myfiles_cgi.c:428]--{
	"files":	[{
			"user":	"admin",
			"md5":	"5f2a390a60cb3d51355469fea61efa0b",
			"time":	"2019-06-26 02:24:50",
			"filename":	"main.cpp",
			"share_status":	0,
			"pv":	0,
			"url":	"http://192.168.0.10:80/group1/M00/00/00/wKgACl0SZvKAeZtzAAAAxnRgnrY488.cpp",
			"size":	198,
			"type":	"cpp"
		}, {
			"user":	"admin",
			"md5":	"3f3b68cfb16ecc029c41906c191517c4",
			"time":	"2019-06-26 02:25:18",
			"filename":	"top1.png",
			"share_status":	0,
			"pv":	0,
			"url":	"http://192.168.0.10:80/group1/M00/00/00/wKgACl0SZIuAfBxUAABsSm3eEwY131.png",
			"size":	27722,
			"type":	"png"
		}]
}
[2019-06-26 02:36:45]--[src_cgi/myfiles_cgi.c:496]--cmd = count
[2019-06-26 02:36:45]--[src_cgi/myfiles_cgi.c:528]--buf = {
    "token": "fe899af0c31575edc3a1a58a4cfc4961",
    "user": "admin"
}

[2019-06-26 02:36:45]--[src_cgi/myfiles_cgi.c:176]--line = 2
[2019-06-26 02:36:45]--[src_cgi/myfiles_cgi.c:496]--cmd = normal
[2019-06-26 02:36:45]--[src_cgi/myfiles_cgi.c:528]--buf = {
    "count": 2,
    "start": 0,
    "token": "fe899af0c31575edc3a1a58a4cfc4961",
    "user": "admin"
}

[2019-06-26 02:36:45]--[src_cgi/myfiles_cgi.c:548]--user = admin, token = fe899af0c31575edc3a1a58a4cfc4961, start = 0, count = 2
[2019-06-26 02:36:45]--[src_cgi/myfiles_cgi.c:306]--select user_file_list.*, file_info.url, file_info.size, file_info.type from file_info, user_file_list where user = 'admin' and file_info.md5 = user_file_list.md5 limit 0, 2 在操作
[2019-06-26 02:36:45]--[src_cgi/myfiles_cgi.c:428]--{
	"files":	[{
			"user":	"admin",
			"md5":	"5f2a390a60cb3d51355469fea61efa0b",
			"time":	"2019-06-26 02:24:50",
			"filename":	"main.cpp",
			"share_status":	0,
			"pv":	0,
			"url":	"http://192.168.0.10:80/group1/M00/00/00/wKgACl0SZvKAeZtzAAAAxnRgnrY488.cpp",
			"size":	198,
			"type":	"cpp"
		}, {
			"user":	"admin",
			"md5":	"3f3b68cfb16ecc029c41906c191517c4",
			"time":	"2019-06-26 02:25:18",
			"filename":	"top1.png",
			"share_status":	0,
			"pv":	0,
			"url":	"http://192.168.0.10:80/group1/M00/00/00/wKgACl0SZIuAfBxUAABsSm3eEwY131.png",
			"size":	27722,
			"type":	"png"
		}]
}
[2019-06-26 02:37:06]--[src_cgi/myfiles_cgi.c:496]--cmd = count
[2019-06-26 02:37:06]--[src_cgi/myfiles_cgi.c:528]--buf = {
    "token": "fe899af0c31575edc3a1a58a4cfc4961",
    "user": "admin"
}

[2019-06-26 02:37:06]--[src_cgi/myfiles_cgi.c:176]--line = 2
[2019-06-26 02:37:06]--[src_cgi/myfiles_cgi.c:496]--cmd = normal
[2019-06-26 02:37:06]--[src_cgi/myfiles_cgi.c:528]--buf = {
    "count": 2,
    "start": 0,
    "token": "fe899af0c31575edc3a1a58a4cfc4961",
    "user": "admin"
}

[2019-06-26 02:37:06]--[src_cgi/myfiles_cgi.c:548]--user = admin, token = fe899af0c31575edc3a1a58a4cfc4961, start = 0, count = 2
[2019-06-26 02:37:06]--[src_cgi/myfiles_cgi.c:306]--select user_file_list.*, file_info.url, file_info.size, file_info.type from file_info, user_file_list where user = 'admin' and file_info.md5 = user_file_list.md5 limit 0, 2 在操作
[2019-06-26 02:37:06]--[src_cgi/myfiles_cgi.c:428]--{
	"files":	[{
			"user":	"admin",
			"md5":	"5f2a390a60cb3d51355469fea61efa0b",
			"time":	"2019-06-26 02:24:50",
			"filename":	"main.cpp",
			"share_status":	0,
			"pv":	0,
			"url":	"http://192.168.0.10:80/group1/M00/00/00/wKgACl0SZvKAeZtzAAAAxnRgnrY488.cpp",
			"size":	198,
			"type":	"cpp"
		}, {
			"user":	"admin",
			"md5":	"3f3b68cfb16ecc029c41906c191517c4",
			"time":	"2019-06-26 02:25:18",
			"filename":	"top1.png",
			"share_status":	0,
			"pv":	0,
			"url":	"http://192.168.0.10:80/group1/M00/00/00/wKgACl0SZIuAfBxUAABsSm3eEwY131.png",
			"size":	27722,
			"type":	"png"
		}]
}
[2019-06-26 02:37:09]--[src_cgi/myfiles_cgi.c:496]--cmd = count
[2019-06-26 02:37:09]--[src_cgi/myfiles_cgi.c:528]--buf = {
    "token": "fe899af0c31575edc3a1a58a4cfc4961",
    "user": "admin"
}

[2019-06-26 02:37:09]--[src_cgi/myfiles_cgi.c:176]--line = 2
[2019-06-26 02:37:09]--[src_cgi/myfiles_cgi.c:496]--cmd = normal
[2019-06-26 02:37:09]--[src_cgi/myfiles_cgi.c:528]--buf = {
    "count": 2,
    "start": 0,
    "token": "fe899af0c31575edc3a1a58a4cfc4961",
    "user": "admin"
}

[2019-06-26 02:37:09]--[src_cgi/myfiles_cgi.c:548]--user = admin, token = fe899af0c31575edc3a1a58a4cfc4961, start = 0, count = 2
[2019-06-26 02:37:09]--[src_cgi/myfiles_cgi.c:306]--select user_file_list.*, file_info.url, file_info.size, file_info.type from file_info, user_file_list where user = 'admin' and file_info.md5 = user_file_list.md5 limit 0, 2 在操作
[2019-06-26 02:37:09]--[src_cgi/myfiles_cgi.c:428]--{
	"files":	[{
			"user":	"admin",
			"md5":	"5f2a390a60cb3d51355469fea61efa0b",
			"time":	"2019-06-26 02:24:50",
			"filename":	"main.cpp",
			"share_status":	0,
			"pv":	0,
			"url":	"http://192.168.0.10:80/group1/M00/00/00/wKgACl0SZvKAeZtzAAAAxnRgnrY488.cpp",
			"size":	198,
			"type":	"cpp"
		}, {
			"user":	"admin",
			"md5":	"3f3b68cfb16ecc029c41906c191517c4",
			"time":	"2019-06-26 02:25:18",
			"filename":	"top1.png",
			"share_status":	0,
			"pv":	0,
			"url":	"http://192.168.0.10:80/group1/M00/00/00/wKgACl0SZIuAfBxUAABsSm3eEwY131.png",
			"size":	27722,
			"type":	"png"
		}]
}
[2019-06-26 02:37:59]--[src_cgi/myfiles_cgi.c:496]--cmd = count
[2019-06-26 02:37:59]--[src_cgi/myfiles_cgi.c:528]--buf = {
    "token": "fe899af0c31575edc3a1a58a4cfc4961",
    "user": "admin"
}

[2019-06-26 02:37:59]--[src_cgi/myfiles_cgi.c:176]--line = 2
[2019-06-26 02:37:59]--[src_cgi/myfiles_cgi.c:496]--cmd = normal
[2019-06-26 02:37:59]--[src_cgi/myfiles_cgi.c:528]--buf = {
    "count": 2,
    "start": 0,
    "token": "fe899af0c31575edc3a1a58a4cfc4961",
    "user": "admin"
}

[2019-06-26 02:37:59]--[src_cgi/myfiles_cgi.c:548]--user = admin, token = fe899af0c31575edc3a1a58a4cfc4961, start = 0, count = 2
[2019-06-26 02:37:59]--[src_cgi/myfiles_cgi.c:306]--select user_file_list.*, file_info.url, file_info.size, file_info.type from file_info, user_file_list where user = 'admin' and file_info.md5 = user_file_list.md5 limit 0, 2 在操作
[2019-06-26 02:37:59]--[src_cgi/myfiles_cgi.c:428]--{
	"files":	[{
			"user":	"admin",
			"md5":	"5f2a390a60cb3d51355469fea61efa0b",
			"time":	"2019-06-26 02:24:50",
			"filename":	"main.cpp",
			"share_status":	0,
			"pv":	0,
			"url":	"http://192.168.0.10:80/group1/M00/00/00/wKgACl0SZvKAeZtzAAAAxnRgnrY488.cpp",
			"size":	198,
			"type":	"cpp"
		}, {
			"user":	"admin",
			"md5":	"3f3b68cfb16ecc029c41906c191517c4",
			"time":	"2019-06-26 02:25:18",
			"filename":	"top1.png",
			"share_status":	0,
			"pv":	0,
			"url":	"http://192.168.0.10:80/group1/M00/00/00/wKgACl0SZIuAfBxUAABsSm3eEwY131.png",
			"size":	27722,
			"type":	"png"
		}]
}
[2019-06-26 02:39:16]--[src_cgi/myfiles_cgi.c:496]--cmd = count
[2019-06-26 02:39:16]--[src_cgi/myfiles_cgi.c:528]--buf = {
    "token": "6772ec1f091121cc5e3ae5b3be516eb0",
    "user": "admin"
}

[2019-06-26 02:39:17]--[src_cgi/myfiles_cgi.c:176]--line = 2
[2019-06-26 02:39:17]--[src_cgi/myfiles_cgi.c:496]--cmd = normal
[2019-06-26 02:39:17]--[src_cgi/myfiles_cgi.c:528]--buf = {
    "count": 2,
    "start": 0,
    "token": "6772ec1f091121cc5e3ae5b3be516eb0",
    "user": "admin"
}

[2019-06-26 02:39:17]--[src_cgi/myfiles_cgi.c:548]--user = admin, token = 6772ec1f091121cc5e3ae5b3be516eb0, start = 0, count = 2
[2019-06-26 02:39:17]--[src_cgi/myfiles_cgi.c:306]--select user_file_list.*, file_info.url, file_info.size, file_info.type from file_info, user_file_list where user = 'admin' and file_info.md5 = user_file_list.md5 limit 0, 2 在操作
[2019-06-26 02:39:17]--[src_cgi/myfiles_cgi.c:428]--{
	"files":	[{
			"user":	"admin",
			"md5":	"5f2a390a60cb3d51355469fea61efa0b",
			"time":	"2019-06-26 02:24:50",
			"filename":	"main.cpp",
			"share_status":	0,
			"pv":	0,
			"url":	"http://192.168.0.10:80/group1/M00/00/00/wKgACl0SZvKAeZtzAAAAxnRgnrY488.cpp",
			"size":	198,
			"type":	"cpp"
		}, {
			"user":	"admin",
			"md5":	"3f3b68cfb16ecc029c41906c191517c4",
			"time":	"2019-06-26 02:25:18",
			"filename":	"top1.png",
			"share_status":	0,
			"pv":	0,
			"url":	"http://192.168.0.10:80/group1/M00/00/00/wKgACl0SZIuAfBxUAABsSm3eEwY131.png",
			"size":	27722,
			"type":	"png"
		}]
}
[2019-06-26 02:39:20]--[src_cgi/myfiles_cgi.c:496]--cmd = count
[2019-06-26 02:39:20]--[src_cgi/myfiles_cgi.c:528]--buf = {
    "token": "6772ec1f091121cc5e3ae5b3be516eb0",
    "user": "admin"
}

[2019-06-26 02:39:20]--[src_cgi/myfiles_cgi.c:176]--line = 2
[2019-06-26 02:39:20]--[src_cgi/myfiles_cgi.c:496]--cmd = normal
[2019-06-26 02:39:20]--[src_cgi/myfiles_cgi.c:528]--buf = {
    "count": 2,
    "start": 0,
    "token": "6772ec1f091121cc5e3ae5b3be516eb0",
    "user": "admin"
}

[2019-06-26 02:39:20]--[src_cgi/myfiles_cgi.c:548]--user = admin, token = 6772ec1f091121cc5e3ae5b3be516eb0, start = 0, count = 2
[2019-06-26 02:39:20]--[src_cgi/myfiles_cgi.c:306]--select user_file_list.*, file_info.url, file_info.size, file_info.type from file_info, user_file_list where user = 'admin' and file_info.md5 = user_file_list.md5 limit 0, 2 在操作
[2019-06-26 02:39:20]--[src_cgi/myfiles_cgi.c:428]--{
	"files":	[{
			"user":	"admin",
			"md5":	"5f2a390a60cb3d51355469fea61efa0b",
			"time":	"2019-06-26 02:24:50",
			"filename":	"main.cpp",
			"share_status":	0,
			"pv":	0,
			"url":	"http://192.168.0.10:80/group1/M00/00/00/wKgACl0SZvKAeZtzAAAAxnRgnrY488.cpp",
			"size":	198,
			"type":	"cpp"
		}, {
			"user":	"admin",
			"md5":	"3f3b68cfb16ecc029c41906c191517c4",
			"time":	"2019-06-26 02:25:18",
			"filename":	"top1.png",
			"share_status":	0,
			"pv":	0,
			"url":	"http://192.168.0.10:80/group1/M00/00/00/wKgACl0SZIuAfBxUAABsSm3eEwY131.png",
			"size":	27722,
			"type":	"png"
		}]
}
[2019-06-26 02:42:44]--[src_cgi/myfiles_cgi.c:496]--cmd = count
[2019-06-26 02:42:44]--[src_cgi/myfiles_cgi.c:528]--buf = {
    "token": "1e5eeef085460b1908004fa8d7d82a69",
    "user": "admin"
}

[2019-06-26 02:42:44]--[src_cgi/myfiles_cgi.c:176]--line = 2
[2019-06-26 02:42:44]--[src_cgi/myfiles_cgi.c:496]--cmd = normal
[2019-06-26 02:42:44]--[src_cgi/myfiles_cgi.c:528]--buf = {
    "count": 2,
    "start": 0,
    "token": "1e5eeef085460b1908004fa8d7d82a69",
    "user": "admin"
}

[2019-06-26 02:42:44]--[src_cgi/myfiles_cgi.c:548]--user = admin, token = 1e5eeef085460b1908004fa8d7d82a69, start = 0, count = 2
[2019-06-26 02:42:44]--[src_cgi/myfiles_cgi.c:306]--select user_file_list.*, file_info.url, file_info.size, file_info.type from file_info, user_file_list where user = 'admin' and file_info.md5 = user_file_list.md5 limit 0, 2 在操作
[2019-06-26 02:42:44]--[src_cgi/myfiles_cgi.c:428]--{
	"files":	[{
			"user":	"admin",
			"md5":	"5f2a390a60cb3d51355469fea61efa0b",
			"time":	"2019-06-26 02:24:50",
			"filename":	"main.cpp",
			"share_status":	0,
			"pv":	0,
			"url":	"http://192.168.0.10:80/group1/M00/00/00/wKgACl0SZvKAeZtzAAAAxnRgnrY488.cpp",
			"size":	198,
			"type":	"cpp"
		}, {
			"user":	"admin",
			"md5":	"3f3b68cfb16ecc029c41906c191517c4",
			"time":	"2019-06-26 02:25:18",
			"filename":	"top1.png",
			"share_status":	0,
			"pv":	0,
			"url":	"http://192.168.0.10:80/group1/M00/00/00/wKgACl0SZIuAfBxUAABsSm3eEwY131.png",
			"size":	27722,
			"type":	"png"
		}]
}
[2019-06-26 02:42:51]--[src_cgi/myfiles_cgi.c:496]--cmd = count
[2019-06-26 02:42:51]--[src_cgi/myfiles_cgi.c:528]--buf = {
    "token": "1e5eeef085460b1908004fa8d7d82a69",
    "user": "admin"
}

[2019-06-26 02:42:51]--[src_cgi/myfiles_cgi.c:176]--line = 2
[2019-06-26 02:42:52]--[src_cgi/myfiles_cgi.c:496]--cmd = normal
[2019-06-26 02:42:52]--[src_cgi/myfiles_cgi.c:528]--buf = {
    "count": 2,
    "start": 0,
    "token": "1e5eeef085460b1908004fa8d7d82a69",
    "user": "admin"
}

[2019-06-26 02:42:52]--[src_cgi/myfiles_cgi.c:548]--user = admin, token = 1e5eeef085460b1908004fa8d7d82a69, start = 0, count = 2
[2019-06-26 02:42:52]--[src_cgi/myfiles_cgi.c:306]--select user_file_list.*, file_info.url, file_info.size, file_info.type from file_info, user_file_list where user = 'admin' and file_info.md5 = user_file_list.md5 limit 0, 2 在操作
[2019-06-26 02:42:52]--[src_cgi/myfiles_cgi.c:428]--{
	"files":	[{
			"user":	"admin",
			"md5":	"5f2a390a60cb3d51355469fea61efa0b",
			"time":	"2019-06-26 02:24:50",
			"filename":	"main.cpp",
			"share_status":	0,
			"pv":	0,
			"url":	"http://192.168.0.10:80/group1/M00/00/00/wKgACl0SZvKAeZtzAAAAxnRgnrY488.cpp",
			"size":	198,
			"type":	"cpp"
		}, {
			"user":	"admin",
			"md5":	"3f3b68cfb16ecc029c41906c191517c4",
			"time":	"2019-06-26 02:25:18",
			"filename":	"top1.png",
			"share_status":	0,
			"pv":	0,
			"url":	"http://192.168.0.10:80/group1/M00/00/00/wKgACl0SZIuAfBxUAABsSm3eEwY131.png",
			"size":	27722,
			"type":	"png"
		}]
}
[2019-06-26 02:44:40]--[src_cgi/myfiles_cgi.c:496]--cmd = count
[2019-06-26 02:44:40]--[src_cgi/myfiles_cgi.c:528]--buf = {
    "token": "1e5eeef085460b1908004fa8d7d82a69",
    "user": "admin"
}

[2019-06-26 02:44:40]--[src_cgi/myfiles_cgi.c:176]--line = 2
[2019-06-26 02:44:40]--[src_cgi/myfiles_cgi.c:496]--cmd = normal
[2019-06-26 02:44:40]--[src_cgi/myfiles_cgi.c:528]--buf = {
    "count": 2,
    "start": 0,
    "token": "1e5eeef085460b1908004fa8d7d82a69",
    "user": "admin"
}

[2019-06-26 02:44:40]--[src_cgi/myfiles_cgi.c:548]--user = admin, token = 1e5eeef085460b1908004fa8d7d82a69, start = 0, count = 2
[2019-06-26 02:44:40]--[src_cgi/myfiles_cgi.c:306]--select user_file_list.*, file_info.url, file_info.size, file_info.type from file_info, user_file_list where user = 'admin' and file_info.md5 = user_file_list.md5 limit 0, 2 在操作
[2019-06-26 02:44:40]--[src_cgi/myfiles_cgi.c:428]--{
	"files":	[{
			"user":	"admin",
			"md5":	"5f2a390a60cb3d51355469fea61efa0b",
			"time":	"2019-06-26 02:24:50",
			"filename":	"main.cpp",
			"share_status":	0,
			"pv":	0,
			"url":	"http://192.168.0.10:80/group1/M00/00/00/wKgACl0SZvKAeZtzAAAAxnRgnrY488.cpp",
			"size":	198,
			"type":	"cpp"
		}, {
			"user":	"admin",
			"md5":	"3f3b68cfb16ecc029c41906c191517c4",
			"time":	"2019-06-26 02:25:18",
			"filename":	"top1.png",
			"share_status":	0,
			"pv":	0,
			"url":	"http://192.168.0.10:80/group1/M00/00/00/wKgACl0SZIuAfBxUAABsSm3eEwY131.png",
			"size":	27722,
			"type":	"png"
		}]
}
[2019-06-26 02:45:14]--[src_cgi/myfiles_cgi.c:496]--cmd = count
[2019-06-26 02:45:14]--[src_cgi/myfiles_cgi.c:528]--buf = {
    "token": "dd04df22ec9acee2fe09e65230d9ef37",
    "user": "madison"
}

[2019-06-26 02:45:14]--[src_cgi/myfiles_cgi.c:176]--line = 3
[2019-06-26 02:45:14]--[src_cgi/myfiles_cgi.c:496]--cmd = normal
[2019-06-26 02:45:14]--[src_cgi/myfiles_cgi.c:528]--buf = {
    "count": 3,
    "start": 0,
    "token": "dd04df22ec9acee2fe09e65230d9ef37",
    "user": "madison"
}

[2019-06-26 02:45:14]--[src_cgi/myfiles_cgi.c:548]--user = madison, token = dd04df22ec9acee2fe09e65230d9ef37, start = 0, count = 3
[2019-06-26 02:45:14]--[src_cgi/myfiles_cgi.c:306]--select user_file_list.*, file_info.url, file_info.size, file_info.type from file_info, user_file_list where user = 'madison' and file_info.md5 = user_file_list.md5 limit 0, 3 在操作
[2019-06-26 02:45:14]--[src_cgi/myfiles_cgi.c:428]--{
	"files":	[{
			"user":	"madison",
			"md5":	"3f3b68cfb16ecc029c41906c191517c4",
			"time":	"2019-06-26 02:14:35",
			"filename":	"top1.png",
			"share_status":	0,
			"pv":	0,
			"url":	"http://192.168.0.10:80/group1/M00/00/00/wKgACl0SZIuAfBxUAABsSm3eEwY131.png",
			"size":	27722,
			"type":	"png"
		}, {
			"user":	"madison",
			"md5":	"0b3d6834c056aea6e63a6d54d3f15bb8",
			"time":	"2019-06-26 02:14:52",
			"filename":	"top2.png",
			"share_status":	0,
			"pv":	0,
			"url":	"http://192.168.0.10:80/group1/M00/00/00/wKgACl0SZJyAMUDxAAB4N65QicA451.png",
			"size":	30775,
			"type":	"png"
		}, {
			"user":	"madison",
			"md5":	"0f3a7c3b2e82b201421a76578249634d",
			"time":	"2019-06-26 02:14:53",
			"filename":	"top3.png",
			"share_status":	1,
			"pv":	0,
			"url":	"http://192.168.0.10:80/group1/M00/00/00/wKgACl0SZJ2AE4jiAAB_iAFr4Y8535.png",
			"size":	32648,
			"type":	"png"
		}]
}
[2019-06-26 02:45:27]--[src_cgi/myfiles_cgi.c:496]--cmd = count
[2019-06-26 02:45:27]--[src_cgi/myfiles_cgi.c:528]--buf = {
    "token": "dd04df22ec9acee2fe09e65230d9ef37",
    "user": "madison"
}

[2019-06-26 02:45:27]--[src_cgi/myfiles_cgi.c:176]--line = 3
[2019-06-26 02:45:27]--[src_cgi/myfiles_cgi.c:496]--cmd = normal
[2019-06-26 02:45:27]--[src_cgi/myfiles_cgi.c:528]--buf = {
    "count": 3,
    "start": 0,
    "token": "dd04df22ec9acee2fe09e65230d9ef37",
    "user": "madison"
}

[2019-06-26 02:45:27]--[src_cgi/myfiles_cgi.c:548]--user = madison, token = dd04df22ec9acee2fe09e65230d9ef37, start = 0, count = 3
[2019-06-26 02:45:27]--[src_cgi/myfiles_cgi.c:306]--select user_file_list.*, file_info.url, file_info.size, file_info.type from file_info, user_file_list where user = 'madison' and file_info.md5 = user_file_list.md5 limit 0, 3 在操作
[2019-06-26 02:45:27]--[src_cgi/myfiles_cgi.c:428]--{
	"files":	[{
			"user":	"madison",
			"md5":	"3f3b68cfb16ecc029c41906c191517c4",
			"time":	"2019-06-26 02:14:35",
			"filename":	"top1.png",
			"share_status":	0,
			"pv":	0,
			"url":	"http://192.168.0.10:80/group1/M00/00/00/wKgACl0SZIuAfBxUAABsSm3eEwY131.png",
			"size":	27722,
			"type":	"png"
		}, {
			"user":	"madison",
			"md5":	"0b3d6834c056aea6e63a6d54d3f15bb8",
			"time":	"2019-06-26 02:14:52",
			"filename":	"top2.png",
			"share_status":	0,
			"pv":	0,
			"url":	"http://192.168.0.10:80/group1/M00/00/00/wKgACl0SZJyAMUDxAAB4N65QicA451.png",
			"size":	30775,
			"type":	"png"
		}, {
			"user":	"madison",
			"md5":	"0f3a7c3b2e82b201421a76578249634d",
			"time":	"2019-06-26 02:14:53",
			"filename":	"top3.png",
			"share_status":	1,
			"pv":	0,
			"url":	"http://192.168.0.10:80/group1/M00/00/00/wKgACl0SZJ2AE4jiAAB_iAFr4Y8535.png",
			"size":	32648,
			"type":	"png"
		}]
}
[2019-06-26 02:45:36]--[src_cgi/myfiles_cgi.c:496]--cmd = count
[2019-06-26 02:45:36]--[src_cgi/myfiles_cgi.c:528]--buf = {
    "token": "dd04df22ec9acee2fe09e65230d9ef37",
    "user": "madison"
}

[2019-06-26 02:45:36]--[src_cgi/myfiles_cgi.c:176]--line = 3
[2019-06-26 02:45:36]--[src_cgi/myfiles_cgi.c:496]--cmd = normal
[2019-06-26 02:45:36]--[src_cgi/myfiles_cgi.c:528]--buf = {
    "count": 3,
    "start": 0,
    "token": "dd04df22ec9acee2fe09e65230d9ef37",
    "user": "madison"
}

[2019-06-26 02:45:36]--[src_cgi/myfiles_cgi.c:548]--user = madison, token = dd04df22ec9acee2fe09e65230d9ef37, start = 0, count = 3
[2019-06-26 02:45:36]--[src_cgi/myfiles_cgi.c:306]--select user_file_list.*, file_info.url, file_info.size, file_info.type from file_info, user_file_list where user = 'madison' and file_info.md5 = user_file_list.md5 limit 0, 3 在操作
[2019-06-26 02:45:36]--[src_cgi/myfiles_cgi.c:428]--{
	"files":	[{
			"user":	"madison",
			"md5":	"3f3b68cfb16ecc029c41906c191517c4",
			"time":	"2019-06-26 02:14:35",
			"filename":	"top1.png",
			"share_status":	0,
			"pv":	0,
			"url":	"http://192.168.0.10:80/group1/M00/00/00/wKgACl0SZIuAfBxUAABsSm3eEwY131.png",
			"size":	27722,
			"type":	"png"
		}, {
			"user":	"madison",
			"md5":	"0b3d6834c056aea6e63a6d54d3f15bb8",
			"time":	"2019-06-26 02:14:52",
			"filename":	"top2.png",
			"share_status":	0,
			"pv":	0,
			"url":	"http://192.168.0.10:80/group1/M00/00/00/wKgACl0SZJyAMUDxAAB4N65QicA451.png",
			"size":	30775,
			"type":	"png"
		}, {
			"user":	"madison",
			"md5":	"0f3a7c3b2e82b201421a76578249634d",
			"time":	"2019-06-26 02:14:53",
			"filename":	"top3.png",
			"share_status":	1,
			"pv":	0,
			"url":	"http://192.168.0.10:80/group1/M00/00/00/wKgACl0SZJ2AE4jiAAB_iAFr4Y8535.png",
			"size":	32648,
			"type":	"png"
		}]
}
[2019-06-26 02:45:44]--[src_cgi/myfiles_cgi.c:496]--cmd = count
[2019-06-26 02:45:44]--[src_cgi/myfiles_cgi.c:528]--buf = {
    "token": "56460a35dbf3847d6ae9afad49fe4b0a",
    "user": "admin"
}

[2019-06-26 02:45:44]--[src_cgi/myfiles_cgi.c:176]--line = 2
[2019-06-26 02:45:44]--[src_cgi/myfiles_cgi.c:496]--cmd = normal
[2019-06-26 02:45:44]--[src_cgi/myfiles_cgi.c:528]--buf = {
    "count": 2,
    "start": 0,
    "token": "56460a35dbf3847d6ae9afad49fe4b0a",
    "user": "admin"
}

[2019-06-26 02:45:44]--[src_cgi/myfiles_cgi.c:548]--user = admin, token = 56460a35dbf3847d6ae9afad49fe4b0a, start = 0, count = 2
[2019-06-26 02:45:44]--[src_cgi/myfiles_cgi.c:306]--select user_file_list.*, file_info.url, file_info.size, file_info.type from file_info, user_file_list where user = 'admin' and file_info.md5 = user_file_list.md5 limit 0, 2 在操作
[2019-06-26 02:45:44]--[src_cgi/myfiles_cgi.c:428]--{
	"files":	[{
			"user":	"admin",
			"md5":	"5f2a390a60cb3d51355469fea61efa0b",
			"time":	"2019-06-26 02:24:50",
			"filename":	"main.cpp",
			"share_status":	0,
			"pv":	0,
			"url":	"http://192.168.0.10:80/group1/M00/00/00/wKgACl0SZvKAeZtzAAAAxnRgnrY488.cpp",
			"size":	198,
			"type":	"cpp"
		}, {
			"user":	"admin",
			"md5":	"3f3b68cfb16ecc029c41906c191517c4",
			"time":	"2019-06-26 02:25:18",
			"filename":	"top1.png",
			"share_status":	0,
			"pv":	0,
			"url":	"http://192.168.0.10:80/group1/M00/00/00/wKgACl0SZIuAfBxUAABsSm3eEwY131.png",
			"size":	27722,
			"type":	"png"
		}]
}
[2019-06-26 02:45:51]--[src_cgi/myfiles_cgi.c:496]--cmd = count
[2019-06-26 02:45:51]--[src_cgi/myfiles_cgi.c:528]--buf = {
    "token": "56460a35dbf3847d6ae9afad49fe4b0a",
    "user": "admin"
}

[2019-06-26 02:45:51]--[src_cgi/myfiles_cgi.c:176]--line = 2
[2019-06-26 02:45:51]--[src_cgi/myfiles_cgi.c:496]--cmd = normal
[2019-06-26 02:45:51]--[src_cgi/myfiles_cgi.c:528]--buf = {
    "count": 2,
    "start": 0,
    "token": "56460a35dbf3847d6ae9afad49fe4b0a",
    "user": "admin"
}

[2019-06-26 02:45:51]--[src_cgi/myfiles_cgi.c:548]--user = admin, token = 56460a35dbf3847d6ae9afad49fe4b0a, start = 0, count = 2
[2019-06-26 02:45:51]--[src_cgi/myfiles_cgi.c:306]--select user_file_list.*, file_info.url, file_info.size, file_info.type from file_info, user_file_list where user = 'admin' and file_info.md5 = user_file_list.md5 limit 0, 2 在操作
[2019-06-26 02:45:51]--[src_cgi/myfiles_cgi.c:428]--{
	"files":	[{
			"user":	"admin",
			"md5":	"5f2a390a60cb3d51355469fea61efa0b",
			"time":	"2019-06-26 02:24:50",
			"filename":	"main.cpp",
			"share_status":	0,
			"pv":	0,
			"url":	"http://192.168.0.10:80/group1/M00/00/00/wKgACl0SZvKAeZtzAAAAxnRgnrY488.cpp",
			"size":	198,
			"type":	"cpp"
		}, {
			"user":	"admin",
			"md5":	"3f3b68cfb16ecc029c41906c191517c4",
			"time":	"2019-06-26 02:25:18",
			"filename":	"top1.png",
			"share_status":	0,
			"pv":	0,
			"url":	"http://192.168.0.10:80/group1/M00/00/00/wKgACl0SZIuAfBxUAABsSm3eEwY131.png",
			"size":	27722,
			"type":	"png"
		}]
}
[2019-06-26 02:46:02]--[src_cgi/myfiles_cgi.c:496]--cmd = count
[2019-06-26 02:46:02]--[src_cgi/myfiles_cgi.c:528]--buf = {
    "token": "56460a35dbf3847d6ae9afad49fe4b0a",
    "user": "admin"
}

[2019-06-26 02:46:02]--[src_cgi/myfiles_cgi.c:176]--line = 3
[2019-06-26 02:46:02]--[src_cgi/myfiles_cgi.c:496]--cmd = normal
[2019-06-26 02:46:02]--[src_cgi/myfiles_cgi.c:528]--buf = {
    "count": 3,
    "start": 0,
    "token": "56460a35dbf3847d6ae9afad49fe4b0a",
    "user": "admin"
}

[2019-06-26 02:46:02]--[src_cgi/myfiles_cgi.c:548]--user = admin, token = 56460a35dbf3847d6ae9afad49fe4b0a, start = 0, count = 3
[2019-06-26 02:46:02]--[src_cgi/myfiles_cgi.c:306]--select user_file_list.*, file_info.url, file_info.size, file_info.type from file_info, user_file_list where user = 'admin' and file_info.md5 = user_file_list.md5 limit 0, 3 在操作
[2019-06-26 02:46:02]--[src_cgi/myfiles_cgi.c:428]--{
	"files":	[{
			"user":	"admin",
			"md5":	"5f2a390a60cb3d51355469fea61efa0b",
			"time":	"2019-06-26 02:24:50",
			"filename":	"main.cpp",
			"share_status":	0,
			"pv":	0,
			"url":	"http://192.168.0.10:80/group1/M00/00/00/wKgACl0SZvKAeZtzAAAAxnRgnrY488.cpp",
			"size":	198,
			"type":	"cpp"
		}, {
			"user":	"admin",
			"md5":	"3f3b68cfb16ecc029c41906c191517c4",
			"time":	"2019-06-26 02:25:18",
			"filename":	"top1.png",
			"share_status":	0,
			"pv":	0,
			"url":	"http://192.168.0.10:80/group1/M00/00/00/wKgACl0SZIuAfBxUAABsSm3eEwY131.png",
			"size":	27722,
			"type":	"png"
		}, {
			"user":	"admin",
			"md5":	"0f3a7c3b2e82b201421a76578249634d",
			"time":	"2019-06-26 02:45:59",
			"filename":	"top3.png",
			"share_status":	0,
			"pv":	0,
			"url":	"http://192.168.0.10:80/group1/M00/00/00/wKgACl0SZJ2AE4jiAAB_iAFr4Y8535.png",
			"size":	32648,
			"type":	"png"
		}]
}
[2019-06-26 02:46:08]--[src_cgi/myfiles_cgi.c:496]--cmd = count
[2019-06-26 02:46:08]--[src_cgi/myfiles_cgi.c:528]--buf = {
    "token": "56460a35dbf3847d6ae9afad49fe4b0a",
    "user": "admin"
}

[2019-06-26 02:46:08]--[src_cgi/myfiles_cgi.c:176]--line = 3
[2019-06-26 02:46:08]--[src_cgi/myfiles_cgi.c:496]--cmd = normal
[2019-06-26 02:46:08]--[src_cgi/myfiles_cgi.c:528]--buf = {
    "count": 3,
    "start": 0,
    "token": "56460a35dbf3847d6ae9afad49fe4b0a",
    "user": "admin"
}

[2019-06-26 02:46:08]--[src_cgi/myfiles_cgi.c:548]--user = admin, token = 56460a35dbf3847d6ae9afad49fe4b0a, start = 0, count = 3
[2019-06-26 02:46:08]--[src_cgi/myfiles_cgi.c:306]--select user_file_list.*, file_info.url, file_info.size, file_info.type from file_info, user_file_list where user = 'admin' and file_info.md5 = user_file_list.md5 limit 0, 3 在操作
[2019-06-26 02:46:08]--[src_cgi/myfiles_cgi.c:428]--{
	"files":	[{
			"user":	"admin",
			"md5":	"5f2a390a60cb3d51355469fea61efa0b",
			"time":	"2019-06-26 02:24:50",
			"filename":	"main.cpp",
			"share_status":	0,
			"pv":	0,
			"url":	"http://192.168.0.10:80/group1/M00/00/00/wKgACl0SZvKAeZtzAAAAxnRgnrY488.cpp",
			"size":	198,
			"type":	"cpp"
		}, {
			"user":	"admin",
			"md5":	"3f3b68cfb16ecc029c41906c191517c4",
			"time":	"2019-06-26 02:25:18",
			"filename":	"top1.png",
			"share_status":	0,
			"pv":	0,
			"url":	"http://192.168.0.10:80/group1/M00/00/00/wKgACl0SZIuAfBxUAABsSm3eEwY131.png",
			"size":	27722,
			"type":	"png"
		}, {
			"user":	"admin",
			"md5":	"0f3a7c3b2e82b201421a76578249634d",
			"time":	"2019-06-26 02:45:59",
			"filename":	"top3.png",
			"share_status":	0,
			"pv":	0,
			"url":	"http://192.168.0.10:80/group1/M00/00/00/wKgACl0SZJ2AE4jiAAB_iAFr4Y8535.png",
			"size":	32648,
			"type":	"png"
		}]
}
[2019-06-26 02:46:42]--[src_cgi/myfiles_cgi.c:496]--cmd = count
[2019-06-26 02:46:42]--[src_cgi/myfiles_cgi.c:528]--buf = {
    "token": "56460a35dbf3847d6ae9afad49fe4b0a",
    "user": "admin"
}

[2019-06-26 02:46:42]--[src_cgi/myfiles_cgi.c:176]--line = 3
[2019-06-26 02:46:42]--[src_cgi/myfiles_cgi.c:496]--cmd = normal
[2019-06-26 02:46:42]--[src_cgi/myfiles_cgi.c:528]--buf = {
    "count": 3,
    "start": 0,
    "token": "56460a35dbf3847d6ae9afad49fe4b0a",
    "user": "admin"
}

[2019-06-26 02:46:42]--[src_cgi/myfiles_cgi.c:548]--user = admin, token = 56460a35dbf3847d6ae9afad49fe4b0a, start = 0, count = 3
[2019-06-26 02:46:42]--[src_cgi/myfiles_cgi.c:306]--select user_file_list.*, file_info.url, file_info.size, file_info.type from file_info, user_file_list where user = 'admin' and file_info.md5 = user_file_list.md5 limit 0, 3 在操作
[2019-06-26 02:46:42]--[src_cgi/myfiles_cgi.c:428]--{
	"files":	[{
			"user":	"admin",
			"md5":	"5f2a390a60cb3d51355469fea61efa0b",
			"time":	"2019-06-26 02:24:50",
			"filename":	"main.cpp",
			"share_status":	0,
			"pv":	0,
			"url":	"http://192.168.0.10:80/group1/M00/00/00/wKgACl0SZvKAeZtzAAAAxnRgnrY488.cpp",
			"size":	198,
			"type":	"cpp"
		}, {
			"user":	"admin",
			"md5":	"3f3b68cfb16ecc029c41906c191517c4",
			"time":	"2019-06-26 02:25:18",
			"filename":	"top1.png",
			"share_status":	0,
			"pv":	0,
			"url":	"http://192.168.0.10:80/group1/M00/00/00/wKgACl0SZIuAfBxUAABsSm3eEwY131.png",
			"size":	27722,
			"type":	"png"
		}, {
			"user":	"admin",
			"md5":	"0f3a7c3b2e82b201421a76578249634d",
			"time":	"2019-06-26 02:45:59",
			"filename":	"top3.png",
			"share_status":	0,
			"pv":	0,
			"url":	"http://192.168.0.10:80/group1/M00/00/00/wKgACl0SZJ2AE4jiAAB_iAFr4Y8535.png",
			"size":	32648,
			"type":	"png"
		}]
}
[2019-06-26 02:46:53]--[src_cgi/myfiles_cgi.c:496]--cmd = count
[2019-06-26 02:46:53]--[src_cgi/myfiles_cgi.c:528]--buf = {
    "token": "080587a717c75b55c7a9fdaab89f3c0f",
    "user": "admin"
}

[2019-06-26 02:46:53]--[src_cgi/myfiles_cgi.c:176]--line = 3
[2019-06-26 02:46:54]--[src_cgi/myfiles_cgi.c:496]--cmd = normal
[2019-06-26 02:46:54]--[src_cgi/myfiles_cgi.c:528]--buf = {
    "count": 3,
    "start": 0,
    "token": "080587a717c75b55c7a9fdaab89f3c0f",
    "user": "admin"
}

[2019-06-26 02:46:54]--[src_cgi/myfiles_cgi.c:548]--user = admin, token = 080587a717c75b55c7a9fdaab89f3c0f, start = 0, count = 3
[2019-06-26 02:46:54]--[src_cgi/myfiles_cgi.c:306]--select user_file_list.*, file_info.url, file_info.size, file_info.type from file_info, user_file_list where user = 'admin' and file_info.md5 = user_file_list.md5 limit 0, 3 在操作
[2019-06-26 02:46:54]--[src_cgi/myfiles_cgi.c:428]--{
	"files":	[{
			"user":	"admin",
			"md5":	"5f2a390a60cb3d51355469fea61efa0b",
			"time":	"2019-06-26 02:24:50",
			"filename":	"main.cpp",
			"share_status":	0,
			"pv":	0,
			"url":	"http://192.168.0.10:80/group1/M00/00/00/wKgACl0SZvKAeZtzAAAAxnRgnrY488.cpp",
			"size":	198,
			"type":	"cpp"
		}, {
			"user":	"admin",
			"md5":	"3f3b68cfb16ecc029c41906c191517c4",
			"time":	"2019-06-26 02:25:18",
			"filename":	"top1.png",
			"share_status":	0,
			"pv":	0,
			"url":	"http://192.168.0.10:80/group1/M00/00/00/wKgACl0SZIuAfBxUAABsSm3eEwY131.png",
			"size":	27722,
			"type":	"png"
		}, {
			"user":	"admin",
			"md5":	"0f3a7c3b2e82b201421a76578249634d",
			"time":	"2019-06-26 02:45:59",
			"filename":	"top3.png",
			"share_status":	0,
			"pv":	0,
			"url":	"http://192.168.0.10:80/group1/M00/00/00/wKgACl0SZJ2AE4jiAAB_iAFr4Y8535.png",
			"size":	32648,
			"type":	"png"
		}]
}
[2019-06-26 02:49:17]--[src_cgi/myfiles_cgi.c:496]--cmd = count
[2019-06-26 02:49:17]--[src_cgi/myfiles_cgi.c:528]--buf = {
    "token": "3703791e77d9460460ee920414991f22",
    "user": "root"
}

[2019-06-26 02:49:17]--[src_cgi/myfiles_cgi.c:164]--select count from user_file_count where user="root" 操作失败
[2019-06-26 02:49:17]--[src_cgi/myfiles_cgi.c:176]--line = 0
[2019-06-26 02:49:23]--[src_cgi/myfiles_cgi.c:496]--cmd = count
[2019-06-26 02:49:23]--[src_cgi/myfiles_cgi.c:528]--buf = {
    "token": "3703791e77d9460460ee920414991f22",
    "user": "root"
}

[2019-06-26 02:49:23]--[src_cgi/myfiles_cgi.c:164]--select count from user_file_count where user="root" 操作失败
[2019-06-26 02:49:23]--[src_cgi/myfiles_cgi.c:176]--line = 0
[2019-06-26 13:18:19]--[src_cgi/myfiles_cgi.c:496]--cmd = count
[2019-06-26 13:18:19]--[src_cgi/myfiles_cgi.c:528]--buf = {
    "token": "6369c335f64679a425716344dc618f73",
    "user": "root"
}

[2019-06-26 13:18:19]--[src_cgi/myfiles_cgi.c:176]--line = 1
[2019-06-26 13:18:19]--[src_cgi/myfiles_cgi.c:496]--cmd = normal
[2019-06-26 13:18:19]--[src_cgi/myfiles_cgi.c:528]--buf = {
    "count": 1,
    "start": 0,
    "token": "6369c335f64679a425716344dc618f73",
    "user": "root"
}

[2019-06-26 13:18:19]--[src_cgi/myfiles_cgi.c:548]--user = root, token = 6369c335f64679a425716344dc618f73, start = 0, count = 1
[2019-06-26 13:18:19]--[src_cgi/myfiles_cgi.c:306]--select user_file_list.*, file_info.url, file_info.size, file_info.type from file_info, user_file_list where user = 'root' and file_info.md5 = user_file_list.md5 limit 0, 1 在操作
[2019-06-26 13:18:19]--[src_cgi/myfiles_cgi.c:428]--{
	"files":	[{
			"user":	"root",
			"md5":	"ff6536238c43f7b904dca6976737271f",
			"time":	"2019-06-26 02:54:14",
			"filename":	"hello.html",
			"share_status":	0,
			"pv":	0,
			"url":	"http://192.168.0.10:80/group1/M00/00/00/wKgACl0SbdaAQPSfAABKKUZCTI033.html",
			"size":	18985,
			"type":	"html"
		}]
}
[2019-06-26 15:06:04]--[src_cgi/myfiles_cgi.c:496]--cmd = count
[2019-06-26 15:06:04]--[src_cgi/myfiles_cgi.c:528]--buf = {
    "token": "f7a26465719c0988d4262c02551b4679",
    "user": "root"
}

[2019-06-26 15:06:04]--[src_cgi/myfiles_cgi.c:176]--line = 1
[2019-06-26 15:06:04]--[src_cgi/myfiles_cgi.c:496]--cmd = normal
[2019-06-26 15:06:04]--[src_cgi/myfiles_cgi.c:528]--buf = {
    "count": 1,
    "start": 0,
    "token": "f7a26465719c0988d4262c02551b4679",
    "user": "root"
}

[2019-06-26 15:06:04]--[src_cgi/myfiles_cgi.c:548]--user = root, token = f7a26465719c0988d4262c02551b4679, start = 0, count = 1
[2019-06-26 15:06:04]--[src_cgi/myfiles_cgi.c:306]--select user_file_list.*, file_info.url, file_info.size, file_info.type from file_info, user_file_list where user = 'root' and file_info.md5 = user_file_list.md5 limit 0, 1 在操作
[2019-06-26 15:06:04]--[src_cgi/myfiles_cgi.c:428]--{
	"files":	[{
			"user":	"root",
			"md5":	"ff6536238c43f7b904dca6976737271f",
			"time":	"2019-06-26 02:54:14",
			"filename":	"hello.html",
			"share_status":	0,
			"pv":	0,
			"url":	"http://192.168.0.10:80/group1/M00/00/00/wKgACl0SbdaAQPSfAABKKUZCTI033.html",
			"size":	18985,
			"type":	"html"
		}]
}
[2019-06-26 15:09:53]--[src_cgi/myfiles_cgi.c:496]--cmd = count
[2019-06-26 15:09:53]--[src_cgi/myfiles_cgi.c:528]--buf = {
    "token": "a6e53fd4a36c2031bcbafce960919002",
    "user": "root"
}

[2019-06-26 15:09:53]--[src_cgi/myfiles_cgi.c:176]--line = 1
[2019-06-26 15:09:53]--[src_cgi/myfiles_cgi.c:496]--cmd = normal
[2019-06-26 15:09:53]--[src_cgi/myfiles_cgi.c:528]--buf = {
    "count": 1,
    "start": 0,
    "token": "a6e53fd4a36c2031bcbafce960919002",
    "user": "root"
}

[2019-06-26 15:09:53]--[src_cgi/myfiles_cgi.c:548]--user = root, token = a6e53fd4a36c2031bcbafce960919002, start = 0, count = 1
[2019-06-26 15:09:53]--[src_cgi/myfiles_cgi.c:306]--select user_file_list.*, file_info.url, file_info.size, file_info.type from file_info, user_file_list where user = 'root' and file_info.md5 = user_file_list.md5 limit 0, 1 在操作
[2019-06-26 15:09:53]--[src_cgi/myfiles_cgi.c:428]--{
	"files":	[{
			"user":	"root",
			"md5":	"ff6536238c43f7b904dca6976737271f",
			"time":	"2019-06-26 02:54:14",
			"filename":	"hello.html",
			"share_status":	0,
			"pv":	0,
			"url":	"http://192.168.0.10:80/group1/M00/00/00/wKgACl0SbdaAQPSfAABKKUZCTI033.html",
			"size":	18985,
			"type":	"html"
		}]
}
[2019-06-26 15:12:06]--[src_cgi/myfiles_cgi.c:496]--cmd = count
[2019-06-26 15:12:06]--[src_cgi/myfiles_cgi.c:528]--buf = {
    "token": "aa6173a43d6a66736235fd7fce083e1f",
    "user": "root"
}

[2019-06-26 15:12:06]--[src_cgi/myfiles_cgi.c:176]--line = 1
[2019-06-26 15:12:06]--[src_cgi/myfiles_cgi.c:496]--cmd = normal
[2019-06-26 15:12:06]--[src_cgi/myfiles_cgi.c:528]--buf = {
    "count": 1,
    "start": 0,
    "token": "aa6173a43d6a66736235fd7fce083e1f",
    "user": "root"
}

[2019-06-26 15:12:06]--[src_cgi/myfiles_cgi.c:548]--user = root, token = aa6173a43d6a66736235fd7fce083e1f, start = 0, count = 1
[2019-06-26 15:12:06]--[src_cgi/myfiles_cgi.c:306]--select user_file_list.*, file_info.url, file_info.size, file_info.type from file_info, user_file_list where user = 'root' and file_info.md5 = user_file_list.md5 limit 0, 1 在操作
[2019-06-26 15:12:06]--[src_cgi/myfiles_cgi.c:428]--{
	"files":	[{
			"user":	"root",
			"md5":	"ff6536238c43f7b904dca6976737271f",
			"time":	"2019-06-26 02:54:14",
			"filename":	"hello.html",
			"share_status":	0,
			"pv":	0,
			"url":	"http://192.168.0.10:80/group1/M00/00/00/wKgACl0SbdaAQPSfAABKKUZCTI033.html",
			"size":	18985,
			"type":	"html"
		}]
}
[2019-06-26 16:22:20]--[src_cgi/myfiles_cgi.c:496]--cmd = count
[2019-06-26 16:22:20]--[src_cgi/myfiles_cgi.c:528]--buf = {
    "token": "d4e4bec7c8bbde2fd6b93ff46930815c",
    "user": "madison"
}

[2019-06-26 16:22:20]--[src_cgi/myfiles_cgi.c:176]--line = 3
[2019-06-26 16:22:21]--[src_cgi/myfiles_cgi.c:496]--cmd = normal
[2019-06-26 16:22:21]--[src_cgi/myfiles_cgi.c:528]--buf = {
    "count": 3,
    "start": 0,
    "token": "d4e4bec7c8bbde2fd6b93ff46930815c",
    "user": "madison"
}

[2019-06-26 16:22:21]--[src_cgi/myfiles_cgi.c:548]--user = madison, token = d4e4bec7c8bbde2fd6b93ff46930815c, start = 0, count = 3
[2019-06-26 16:22:21]--[src_cgi/myfiles_cgi.c:306]--select user_file_list.*, file_info.url, file_info.size, file_info.type from file_info, user_file_list where user = 'madison' and file_info.md5 = user_file_list.md5 limit 0, 3 在操作
[2019-06-26 16:22:21]--[src_cgi/myfiles_cgi.c:428]--{
	"files":	[{
			"user":	"madison",
			"md5":	"3f3b68cfb16ecc029c41906c191517c4",
			"time":	"2019-06-26 02:14:35",
			"filename":	"top1.png",
			"share_status":	0,
			"pv":	0,
			"url":	"http://192.168.0.10:80/group1/M00/00/00/wKgACl0SZIuAfBxUAABsSm3eEwY131.png",
			"size":	27722,
			"type":	"png"
		}, {
			"user":	"madison",
			"md5":	"0b3d6834c056aea6e63a6d54d3f15bb8",
			"time":	"2019-06-26 02:14:52",
			"filename":	"top2.png",
			"share_status":	0,
			"pv":	0,
			"url":	"http://192.168.0.10:80/group1/M00/00/00/wKgACl0SZJyAMUDxAAB4N65QicA451.png",
			"size":	30775,
			"type":	"png"
		}, {
			"user":	"madison",
			"md5":	"0f3a7c3b2e82b201421a76578249634d",
			"time":	"2019-06-26 02:14:53",
			"filename":	"top3.png",
			"share_status":	1,
			"pv":	0,
			"url":	"http://192.168.0.10:80/group1/M00/00/00/wKgACl0SZJ2AE4jiAAB_iAFr4Y8535.png",
			"size":	32648,
			"type":	"png"
		}]
}
[2019-06-26 16:22:30]--[src_cgi/myfiles_cgi.c:496]--cmd = count
[2019-06-26 16:22:30]--[src_cgi/myfiles_cgi.c:528]--buf = {
    "token": "d4e4bec7c8bbde2fd6b93ff46930815c",
    "user": "madison"
}

[2019-06-26 16:22:30]--[src_cgi/myfiles_cgi.c:176]--line = 3
[2019-06-26 16:22:30]--[src_cgi/myfiles_cgi.c:496]--cmd = normal
[2019-06-26 16:22:30]--[src_cgi/myfiles_cgi.c:528]--buf = {
    "count": 3,
    "start": 0,
    "token": "d4e4bec7c8bbde2fd6b93ff46930815c",
    "user": "madison"
}

[2019-06-26 16:22:30]--[src_cgi/myfiles_cgi.c:548]--user = madison, token = d4e4bec7c8bbde2fd6b93ff46930815c, start = 0, count = 3
[2019-06-26 16:22:30]--[src_cgi/myfiles_cgi.c:306]--select user_file_list.*, file_info.url, file_info.size, file_info.type from file_info, user_file_list where user = 'madison' and file_info.md5 = user_file_list.md5 limit 0, 3 在操作
[2019-06-26 16:22:30]--[src_cgi/myfiles_cgi.c:428]--{
	"files":	[{
			"user":	"madison",
			"md5":	"3f3b68cfb16ecc029c41906c191517c4",
			"time":	"2019-06-26 02:14:35",
			"filename":	"top1.png",
			"share_status":	0,
			"pv":	0,
			"url":	"http://192.168.0.10:80/group1/M00/00/00/wKgACl0SZIuAfBxUAABsSm3eEwY131.png",
			"size":	27722,
			"type":	"png"
		}, {
			"user":	"madison",
			"md5":	"0b3d6834c056aea6e63a6d54d3f15bb8",
			"time":	"2019-06-26 02:14:52",
			"filename":	"top2.png",
			"share_status":	0,
			"pv":	0,
			"url":	"http://192.168.0.10:80/group1/M00/00/00/wKgACl0SZJyAMUDxAAB4N65QicA451.png",
			"size":	30775,
			"type":	"png"
		}, {
			"user":	"madison",
			"md5":	"0f3a7c3b2e82b201421a76578249634d",
			"time":	"2019-06-26 02:14:53",
			"filename":	"top3.png",
			"share_status":	1,
			"pv":	0,
			"url":	"http://192.168.0.10:80/group1/M00/00/00/wKgACl0SZJ2AE4jiAAB_iAFr4Y8535.png",
			"size":	32648,
			"type":	"png"
		}]
}
[2019-06-26 17:43:38]--[src_cgi/myfiles_cgi.c:40]--mysql:[user=admin,pwd=admin,database=cloud_disk][2019-06-26 17:46:37]--[src_cgi/myfiles_cgi.c:496]--cmd = count
[2019-06-26 17:46:37]--[src_cgi/myfiles_cgi.c:528]--buf = {
    "token": "dda924797259113a4459562c313e8d8f",
    "user": "madison"
}

[2019-06-26 17:46:37]--[src_cgi/myfiles_cgi.c:176]--line = 3
[2019-06-26 17:46:37]--[src_cgi/myfiles_cgi.c:496]--cmd = normal
[2019-06-26 17:46:37]--[src_cgi/myfiles_cgi.c:528]--buf = {
    "count": 3,
    "start": 0,
    "token": "dda924797259113a4459562c313e8d8f",
    "user": "madison"
}

[2019-06-26 17:46:37]--[src_cgi/myfiles_cgi.c:548]--user = madison, token = dda924797259113a4459562c313e8d8f, start = 0, count = 3
[2019-06-26 17:46:37]--[src_cgi/myfiles_cgi.c:306]--select user_file_list.*, file_info.url, file_info.size, file_info.type from file_info, user_file_list where user = 'madison' and file_info.md5 = user_file_list.md5 limit 0, 3 在操作
[2019-06-26 17:46:37]--[src_cgi/myfiles_cgi.c:428]--{
	"files":	[{
			"user":	"madison",
			"md5":	"3f3b68cfb16ecc029c41906c191517c4",
			"time":	"2019-06-26 02:14:35",
			"filename":	"top1.png",
			"share_status":	0,
			"pv":	0,
			"url":	"http://192.168.0.10:80/group1/M00/00/00/wKgACl0SZIuAfBxUAABsSm3eEwY131.png",
			"size":	27722,
			"type":	"png"
		}, {
			"user":	"madison",
			"md5":	"0b3d6834c056aea6e63a6d54d3f15bb8",
			"time":	"2019-06-26 02:14:52",
			"filename":	"top2.png",
			"share_status":	0,
			"pv":	0,
			"url":	"http://192.168.0.10:80/group1/M00/00/00/wKgACl0SZJyAMUDxAAB4N65QicA451.png",
			"size":	30775,
			"type":	"png"
		}, {
			"user":	"madison",
			"md5":	"0f3a7c3b2e82b201421a76578249634d",
			"time":	"2019-06-26 02:14:53",
			"filename":	"top3.png",
			"share_status":	1,
			"pv":	0,
			"url":	"http://192.168.0.10:80/group1/M00/00/00/wKgACl0SZJ2AE4jiAAB_iAFr4Y8535.png",
			"size":	32648,
			"type":	"png"
		}]
}
[2019-06-26 17:47:37]--[src_cgi/myfiles_cgi.c:496]--cmd = count
[2019-06-26 17:47:37]--[src_cgi/myfiles_cgi.c:528]--buf = {
    "token": "dda924797259113a4459562c313e8d8f",
    "user": "madison"
}

[2019-06-26 17:47:37]--[src_cgi/myfiles_cgi.c:176]--line = 3
[2019-06-26 17:47:37]--[src_cgi/myfiles_cgi.c:496]--cmd = normal
[2019-06-26 17:47:37]--[src_cgi/myfiles_cgi.c:528]--buf = {
    "count": 3,
    "start": 0,
    "token": "dda924797259113a4459562c313e8d8f",
    "user": "madison"
}

[2019-06-26 17:47:37]--[src_cgi/myfiles_cgi.c:548]--user = madison, token = dda924797259113a4459562c313e8d8f, start = 0, count = 3
[2019-06-26 17:47:37]--[src_cgi/myfiles_cgi.c:306]--select user_file_list.*, file_info.url, file_info.size, file_info.type from file_info, user_file_list where user = 'madison' and file_info.md5 = user_file_list.md5 limit 0, 3 在操作
[2019-06-26 17:47:37]--[src_cgi/myfiles_cgi.c:428]--{
	"files":	[{
			"user":	"madison",
			"md5":	"3f3b68cfb16ecc029c41906c191517c4",
			"time":	"2019-06-26 02:14:35",
			"filename":	"top1.png",
			"share_status":	0,
			"pv":	0,
			"url":	"http://192.168.0.10:80/group1/M00/00/00/wKgACl0SZIuAfBxUAABsSm3eEwY131.png",
			"size":	27722,
			"type":	"png"
		}, {
			"user":	"madison",
			"md5":	"0b3d6834c056aea6e63a6d54d3f15bb8",
			"time":	"2019-06-26 02:14:52",
			"filename":	"top2.png",
			"share_status":	0,
			"pv":	0,
			"url":	"http://192.168.0.10:80/group1/M00/00/00/wKgACl0SZJyAMUDxAAB4N65QicA451.png",
			"size":	30775,
			"type":	"png"
		}, {
			"user":	"madison",
			"md5":	"0f3a7c3b2e82b201421a76578249634d",
			"time":	"2019-06-26 02:14:53",
			"filename":	"top3.png",
			"share_status":	1,
			"pv":	0,
			"url":	"http://192.168.0.10:80/group1/M00/00/00/wKgACl0SZJ2AE4jiAAB_iAFr4Y8535.png",
			"size":	32648,
			"type":	"png"
		}]
}
[2019-06-26 17:49:35]--[src_cgi/myfiles_cgi.c:40]--mysql:[user=admin,pwd=admin,database=cloud_disk][2019-06-26 17:55:37]--[src_cgi/myfiles_cgi.c:40]--mysql:[user=admin,pwd=admin,database=cloud_disk][2019-06-26 17:59:08]--[src_cgi/myfiles_cgi.c:496]--cmd = count
[2019-06-26 17:59:08]--[src_cgi/myfiles_cgi.c:528]--buf = {
    "token": "47c774f16f584366e148d860ac5d86a4",
    "user": "kevin"
}

[2019-06-26 17:59:08]--[src_cgi/myfiles_cgi.c:164]--select count from user_file_count where user="kevin" 操作失败
[2019-06-26 17:59:08]--[src_cgi/myfiles_cgi.c:176]--line = 0
[2019-06-26 17:59:12]--[src_cgi/myfiles_cgi.c:496]--cmd = count
[2019-06-26 17:59:12]--[src_cgi/myfiles_cgi.c:528]--buf = {
    "token": "47c774f16f584366e148d860ac5d86a4",
    "user": "kevin"
}

[2019-06-26 17:59:12]--[src_cgi/myfiles_cgi.c:164]--select count from user_file_count where user="kevin" 操作失败
[2019-06-26 17:59:12]--[src_cgi/myfiles_cgi.c:176]--line = 0
[2019-06-26 18:03:37]--[src_cgi/myfiles_cgi.c:496]--cmd = count
[2019-06-26 18:03:37]--[src_cgi/myfiles_cgi.c:528]--buf = {
    "token": "fda17b11f89872887c27d6b53c822f75",
    "user": "kevin"
}

[2019-06-26 18:03:37]--[src_cgi/myfiles_cgi.c:164]--select count from user_file_count where user="kevin" 操作失败
[2019-06-26 18:03:37]--[src_cgi/myfiles_cgi.c:176]--line = 0
[2019-06-26 18:03:58]--[src_cgi/myfiles_cgi.c:496]--cmd = count
[2019-06-26 18:03:58]--[src_cgi/myfiles_cgi.c:528]--buf = {
    "token": "fda17b11f89872887c27d6b53c822f75",
    "user": "kevin"
}

[2019-06-26 18:03:58]--[src_cgi/myfiles_cgi.c:164]--select count from user_file_count where user="kevin" 操作失败
[2019-06-26 18:03:58]--[src_cgi/myfiles_cgi.c:176]--line = 0
[2019-06-26 18:05:31]--[src_cgi/myfiles_cgi.c:496]--cmd = count
[2019-06-26 18:05:31]--[src_cgi/myfiles_cgi.c:528]--buf = {
    "token": "27f87a8c6d9d9218af275679293941fb",
    "user": "kevin"
}

[2019-06-26 18:05:31]--[src_cgi/myfiles_cgi.c:164]--select count from user_file_count where user="kevin" 操作失败
[2019-06-26 18:05:31]--[src_cgi/myfiles_cgi.c:176]--line = 0
[2019-06-26 18:06:03]--[src_cgi/myfiles_cgi.c:496]--cmd = count
[2019-06-26 18:06:03]--[src_cgi/myfiles_cgi.c:528]--buf = {
    "token": "27f87a8c6d9d9218af275679293941fb",
    "user": "kevin"
}

[2019-06-26 18:06:03]--[src_cgi/myfiles_cgi.c:176]--line = 1
[2019-06-26 18:06:03]--[src_cgi/myfiles_cgi.c:496]--cmd = normal
[2019-06-26 18:06:03]--[src_cgi/myfiles_cgi.c:528]--buf = {
    "count": 1,
    "start": 0,
    "token": "27f87a8c6d9d9218af275679293941fb",
    "user": "kevin"
}

[2019-06-26 18:06:03]--[src_cgi/myfiles_cgi.c:548]--user = kevin, token = 27f87a8c6d9d9218af275679293941fb, start = 0, count = 1
[2019-06-26 18:06:03]--[src_cgi/myfiles_cgi.c:306]--select user_file_list.*, file_info.url, file_info.size, file_info.type from file_info, user_file_list where user = 'kevin' and file_info.md5 = user_file_list.md5 limit 0, 1 在操作
[2019-06-26 18:06:03]--[src_cgi/myfiles_cgi.c:428]--{
	"files":	[{
			"user":	"kevin",
			"md5":	"fb5f25364a4329219201a320280f7bf1",
			"time":	"2019-06-26 18:06:01",
			"filename":	"global.h",
			"share_status":	0,
			"pv":	0,
			"url":	"http://192.168.0.10:80/group1/M00/00/00/wKgACl0TQ4mABHA9AAAAW6sdX2M27706.h",
			"size":	91,
			"type":	"h"
		}]
}
[2019-06-26 18:06:16]--[src_cgi/myfiles_cgi.c:496]--cmd = count
[2019-06-26 18:06:16]--[src_cgi/myfiles_cgi.c:528]--buf = {
    "token": "27f87a8c6d9d9218af275679293941fb",
    "user": "kevin"
}

[2019-06-26 18:06:16]--[src_cgi/myfiles_cgi.c:176]--line = 2
[2019-06-26 18:06:16]--[src_cgi/myfiles_cgi.c:496]--cmd = normal
[2019-06-26 18:06:16]--[src_cgi/myfiles_cgi.c:528]--buf = {
    "count": 2,
    "start": 0,
    "token": "27f87a8c6d9d9218af275679293941fb",
    "user": "kevin"
}

[2019-06-26 18:06:16]--[src_cgi/myfiles_cgi.c:548]--user = kevin, token = 27f87a8c6d9d9218af275679293941fb, start = 0, count = 2
[2019-06-26 18:06:16]--[src_cgi/myfiles_cgi.c:306]--select user_file_list.*, file_info.url, file_info.size, file_info.type from file_info, user_file_list where user = 'kevin' and file_info.md5 = user_file_list.md5 limit 0, 2 在操作
[2019-06-26 18:06:16]--[src_cgi/myfiles_cgi.c:428]--{
	"files":	[{
			"user":	"kevin",
			"md5":	"fb5f25364a4329219201a320280f7bf1",
			"time":	"2019-06-26 18:06:01",
			"filename":	"global.h",
			"share_status":	0,
			"pv":	0,
			"url":	"http://192.168.0.10:80/group1/M00/00/00/wKgACl0TQ4mABHA9AAAAW6sdX2M27706.h",
			"size":	91,
			"type":	"h"
		}, {
			"user":	"kevin",
			"md5":	"e981cee12650bc04d676eefb6d68e5ac",
			"time":	"2019-06-26 18:06:15",
			"filename":	"login.cpp",
			"share_status":	0,
			"pv":	0,
			"url":	"http://192.168.0.10:80/group1/M00/00/00/wKgACl0TQ5eAS-eMAABB57tIyEU584.cpp",
			"size":	16871,
			"type":	"cpp"
		}]
}
[2019-06-26 18:06:39]--[src_cgi/myfiles_cgi.c:496]--cmd = count
[2019-06-26 18:06:39]--[src_cgi/myfiles_cgi.c:528]--buf = {
    "token": "27f87a8c6d9d9218af275679293941fb",
    "user": "kevin"
}

[2019-06-26 18:06:39]--[src_cgi/myfiles_cgi.c:176]--line = 5
[2019-06-26 18:06:39]--[src_cgi/myfiles_cgi.c:496]--cmd = normal
[2019-06-26 18:06:39]--[src_cgi/myfiles_cgi.c:528]--buf = {
    "count": 5,
    "start": 0,
    "token": "27f87a8c6d9d9218af275679293941fb",
    "user": "kevin"
}

[2019-06-26 18:06:39]--[src_cgi/myfiles_cgi.c:548]--user = kevin, token = 27f87a8c6d9d9218af275679293941fb, start = 0, count = 5
[2019-06-26 18:06:39]--[src_cgi/myfiles_cgi.c:306]--select user_file_list.*, file_info.url, file_info.size, file_info.type from file_info, user_file_list where user = 'kevin' and file_info.md5 = user_file_list.md5 limit 0, 5 在操作
[2019-06-26 18:06:39]--[src_cgi/myfiles_cgi.c:428]--{
	"files":	[{
			"user":	"kevin",
			"md5":	"fb5f25364a4329219201a320280f7bf1",
			"time":	"2019-06-26 18:06:01",
			"filename":	"global.h",
			"share_status":	0,
			"pv":	0,
			"url":	"http://192.168.0.10:80/group1/M00/00/00/wKgACl0TQ4mABHA9AAAAW6sdX2M27706.h",
			"size":	91,
			"type":	"h"
		}, {
			"user":	"kevin",
			"md5":	"e981cee12650bc04d676eefb6d68e5ac",
			"time":	"2019-06-26 18:06:15",
			"filename":	"login.cpp",
			"share_status":	0,
			"pv":	0,
			"url":	"http://192.168.0.10:80/group1/M00/00/00/wKgACl0TQ5eAS-eMAABB57tIyEU584.cpp",
			"size":	16871,
			"type":	"cpp"
		}, {
			"user":	"kevin",
			"md5":	"56a343b02b298ebb56ffcfde1a85299d",
			"time":	"2019-06-26 18:06:36",
			"filename":	"title_share.png",
			"share_status":	0,
			"pv":	0,
			"url":	"http://192.168.0.10:80/group1/M00/00/00/wKgACl0TQ6yAGOc0AAAlhKPSEcM063.png",
			"size":	9604,
			"type":	"png"
		}, {
			"user":	"kevin",
			"md5":	"e837f9ab7f2b7daf29445c8d1c2d5ff9",
			"time":	"2019-06-26 18:06:37",
			"filename":	"title_user.png",
			"share_status":	0,
			"pv":	0,
			"url":	"http://192.168.0.10:80/group1/M00/00/00/wKgACl0TQ62AZr2kAACWG7uuF4o334.png",
			"size":	38427,
			"type":	"png"
		}, {
			"user":	"kevin",
			"md5":	"3f3b68cfb16ecc029c41906c191517c4",
			"time":	"2019-06-26 18:06:37",
			"filename":	"top1.png",
			"share_status":	0,
			"pv":	0,
			"url":	"http://192.168.0.10:80/group1/M00/00/00/wKgACl0SZIuAfBxUAABsSm3eEwY131.png",
			"size":	27722,
			"type":	"png"
		}]
}
[2019-06-26 18:06:56]--[src_cgi/myfiles_cgi.c:496]--cmd = count
[2019-06-26 18:06:56]--[src_cgi/myfiles_cgi.c:528]--buf = {
    "token": "27f87a8c6d9d9218af275679293941fb",
    "user": "kevin"
}

[2019-06-26 18:06:56]--[src_cgi/myfiles_cgi.c:176]--line = 7
[2019-06-26 18:06:56]--[src_cgi/myfiles_cgi.c:496]--cmd = normal
[2019-06-26 18:06:56]--[src_cgi/myfiles_cgi.c:528]--buf = {
    "count": 7,
    "start": 0,
    "token": "27f87a8c6d9d9218af275679293941fb",
    "user": "kevin"
}

[2019-06-26 18:06:56]--[src_cgi/myfiles_cgi.c:548]--user = kevin, token = 27f87a8c6d9d9218af275679293941fb, start = 0, count = 7
[2019-06-26 18:06:56]--[src_cgi/myfiles_cgi.c:306]--select user_file_list.*, file_info.url, file_info.size, file_info.type from file_info, user_file_list where user = 'kevin' and file_info.md5 = user_file_list.md5 limit 0, 7 在操作
[2019-06-26 18:06:56]--[src_cgi/myfiles_cgi.c:428]--{
	"files":	[{
			"user":	"kevin",
			"md5":	"fb5f25364a4329219201a320280f7bf1",
			"time":	"2019-06-26 18:06:01",
			"filename":	"global.h",
			"share_status":	0,
			"pv":	0,
			"url":	"http://192.168.0.10:80/group1/M00/00/00/wKgACl0TQ4mABHA9AAAAW6sdX2M27706.h",
			"size":	91,
			"type":	"h"
		}, {
			"user":	"kevin",
			"md5":	"e981cee12650bc04d676eefb6d68e5ac",
			"time":	"2019-06-26 18:06:15",
			"filename":	"login.cpp",
			"share_status":	0,
			"pv":	0,
			"url":	"http://192.168.0.10:80/group1/M00/00/00/wKgACl0TQ5eAS-eMAABB57tIyEU584.cpp",
			"size":	16871,
			"type":	"cpp"
		}, {
			"user":	"kevin",
			"md5":	"56a343b02b298ebb56ffcfde1a85299d",
			"time":	"2019-06-26 18:06:36",
			"filename":	"title_share.png",
			"share_status":	0,
			"pv":	0,
			"url":	"http://192.168.0.10:80/group1/M00/00/00/wKgACl0TQ6yAGOc0AAAlhKPSEcM063.png",
			"size":	9604,
			"type":	"png"
		}, {
			"user":	"kevin",
			"md5":	"e837f9ab7f2b7daf29445c8d1c2d5ff9",
			"time":	"2019-06-26 18:06:37",
			"filename":	"title_user.png",
			"share_status":	0,
			"pv":	0,
			"url":	"http://192.168.0.10:80/group1/M00/00/00/wKgACl0TQ62AZr2kAACWG7uuF4o334.png",
			"size":	38427,
			"type":	"png"
		}, {
			"user":	"kevin",
			"md5":	"3f3b68cfb16ecc029c41906c191517c4",
			"time":	"2019-06-26 18:06:37",
			"filename":	"top1.png",
			"share_status":	0,
			"pv":	0,
			"url":	"http://192.168.0.10:80/group1/M00/00/00/wKgACl0SZIuAfBxUAABsSm3eEwY131.png",
			"size":	27722,
			"type":	"png"
		}, {
			"user":	"kevin",
			"md5":	"086cd167e83f5e9dd9fcab1dbff4209e",
			"time":	"2019-06-26 18:06:54",
			"filename":	"login2.jpg",
			"share_status":	0,
			"pv":	0,
			"url":	"http://192.168.0.10:80/group1/M00/00/00/wKgACl0TQ76ABHskAAG0rdKVUW8288.jpg",
			"size":	111789,
			"type":	"jpg"
		}, {
			"user":	"kevin",
			"md5":	"0cc78b560045ae708ba0322f7b09fa3f",
			"time":	"2019-06-26 18:06:54",
			"filename":	"logo.ico",
			"share_status":	0,
			"pv":	0,
			"url":	"http://192.168.0.10:80/group1/M00/00/00/wKgACl0TQ76AHGEDAAA2nn_3FIc381.ico",
			"size":	13982,
			"type":	"ico"
		}]
}
[2019-06-26 22:27:43]--[src_cgi/myfiles_cgi.c:496]--cmd = count
[2019-06-26 22:27:43]--[src_cgi/myfiles_cgi.c:528]--buf = {
    "token": "27f87a8c6d9d9218af275679293941fb",
    "user": "kevin"
}

[2019-06-26 22:27:43]--[src_cgi/myfiles_cgi.c:176]--line = 7
[2019-06-26 22:27:44]--[src_cgi/myfiles_cgi.c:496]--cmd = normal
[2019-06-26 22:27:44]--[src_cgi/myfiles_cgi.c:528]--buf = {
    "count": 7,
    "start": 0,
    "token": "27f87a8c6d9d9218af275679293941fb",
    "user": "kevin"
}

[2019-06-26 22:27:44]--[src_cgi/myfiles_cgi.c:548]--user = kevin, token = 27f87a8c6d9d9218af275679293941fb, start = 0, count = 7
[2019-06-26 22:27:44]--[src_cgi/myfiles_cgi.c:306]--select user_file_list.*, file_info.url, file_info.size, file_info.type from file_info, user_file_list where user = 'kevin' and file_info.md5 = user_file_list.md5 limit 0, 7 在操作
[2019-06-26 22:27:44]--[src_cgi/myfiles_cgi.c:428]--{
	"files":	[{
			"user":	"kevin",
			"md5":	"fb5f25364a4329219201a320280f7bf1",
			"time":	"2019-06-26 18:06:01",
			"filename":	"global.h",
			"share_status":	0,
			"pv":	1,
			"url":	"http://192.168.0.10:80/group1/M00/00/00/wKgACl0TQ4mABHA9AAAAW6sdX2M27706.h",
			"size":	91,
			"type":	"h"
		}, {
			"user":	"kevin",
			"md5":	"e981cee12650bc04d676eefb6d68e5ac",
			"time":	"2019-06-26 18:06:15",
			"filename":	"login.cpp",
			"share_status":	0,
			"pv":	0,
			"url":	"http://192.168.0.10:80/group1/M00/00/00/wKgACl0TQ5eAS-eMAABB57tIyEU584.cpp",
			"size":	16871,
			"type":	"cpp"
		}, {
			"user":	"kevin",
			"md5":	"56a343b02b298ebb56ffcfde1a85299d",
			"time":	"2019-06-26 18:06:36",
			"filename":	"title_share.png",
			"share_status":	0,
			"pv":	0,
			"url":	"http://192.168.0.10:80/group1/M00/00/00/wKgACl0TQ6yAGOc0AAAlhKPSEcM063.png",
			"size":	9604,
			"type":	"png"
		}, {
			"user":	"kevin",
			"md5":	"e837f9ab7f2b7daf29445c8d1c2d5ff9",
			"time":	"2019-06-26 18:06:37",
			"filename":	"title_user.png",
			"share_status":	0,
			"pv":	0,
			"url":	"http://192.168.0.10:80/group1/M00/00/00/wKgACl0TQ62AZr2kAACWG7uuF4o334.png",
			"size":	38427,
			"type":	"png"
		}, {
			"user":	"kevin",
			"md5":	"3f3b68cfb16ecc029c41906c191517c4",
			"time":	"2019-06-26 18:06:37",
			"filename":	"top1.png",
			"share_status":	0,
			"pv":	0,
			"url":	"http://192.168.0.10:80/group1/M00/00/00/wKgACl0SZIuAfBxUAABsSm3eEwY131.png",
			"size":	27722,
			"type":	"png"
		}, {
			"user":	"kevin",
			"md5":	"086cd167e83f5e9dd9fcab1dbff4209e",
			"time":	"2019-06-26 18:06:54",
			"filename":	"login2.jpg",
			"share_status":	0,
			"pv":	0,
			"url":	"http://192.168.0.10:80/group1/M00/00/00/wKgACl0TQ76ABHskAAG0rdKVUW8288.jpg",
			"size":	111789,
			"type":	"jpg"
		}, {
			"user":	"kevin",
			"md5":	"0cc78b560045ae708ba0322f7b09fa3f",
			"time":	"2019-06-26 18:06:54",
			"filename":	"logo.ico",
			"share_status":	0,
			"pv":	0,
			"url":	"http://192.168.0.10:80/group1/M00/00/00/wKgACl0TQ76AHGEDAAA2nn_3FIc381.ico",
			"size":	13982,
			"type":	"ico"
		}]
}
[2019-06-26 22:27:47]--[src_cgi/myfiles_cgi.c:496]--cmd = count
[2019-06-26 22:27:47]--[src_cgi/myfiles_cgi.c:528]--buf = {
    "token": "27f87a8c6d9d9218af275679293941fb",
    "user": "kevin"
}

[2019-06-26 22:27:47]--[src_cgi/myfiles_cgi.c:176]--line = 7
[2019-06-26 22:27:47]--[src_cgi/myfiles_cgi.c:496]--cmd = normal
[2019-06-26 22:27:47]--[src_cgi/myfiles_cgi.c:528]--buf = {
    "count": 7,
    "start": 0,
    "token": "27f87a8c6d9d9218af275679293941fb",
    "user": "kevin"
}

[2019-06-26 22:27:47]--[src_cgi/myfiles_cgi.c:548]--user = kevin, token = 27f87a8c6d9d9218af275679293941fb, start = 0, count = 7
[2019-06-26 22:27:47]--[src_cgi/myfiles_cgi.c:306]--select user_file_list.*, file_info.url, file_info.size, file_info.type from file_info, user_file_list where user = 'kevin' and file_info.md5 = user_file_list.md5 limit 0, 7 在操作
[2019-06-26 22:27:47]--[src_cgi/myfiles_cgi.c:428]--{
	"files":	[{
			"user":	"kevin",
			"md5":	"fb5f25364a4329219201a320280f7bf1",
			"time":	"2019-06-26 18:06:01",
			"filename":	"global.h",
			"share_status":	0,
			"pv":	1,
			"url":	"http://192.168.0.10:80/group1/M00/00/00/wKgACl0TQ4mABHA9AAAAW6sdX2M27706.h",
			"size":	91,
			"type":	"h"
		}, {
			"user":	"kevin",
			"md5":	"e981cee12650bc04d676eefb6d68e5ac",
			"time":	"2019-06-26 18:06:15",
			"filename":	"login.cpp",
			"share_status":	0,
			"pv":	0,
			"url":	"http://192.168.0.10:80/group1/M00/00/00/wKgACl0TQ5eAS-eMAABB57tIyEU584.cpp",
			"size":	16871,
			"type":	"cpp"
		}, {
			"user":	"kevin",
			"md5":	"56a343b02b298ebb56ffcfde1a85299d",
			"time":	"2019-06-26 18:06:36",
			"filename":	"title_share.png",
			"share_status":	0,
			"pv":	0,
			"url":	"http://192.168.0.10:80/group1/M00/00/00/wKgACl0TQ6yAGOc0AAAlhKPSEcM063.png",
			"size":	9604,
			"type":	"png"
		}, {
			"user":	"kevin",
			"md5":	"e837f9ab7f2b7daf29445c8d1c2d5ff9",
			"time":	"2019-06-26 18:06:37",
			"filename":	"title_user.png",
			"share_status":	0,
			"pv":	0,
			"url":	"http://192.168.0.10:80/group1/M00/00/00/wKgACl0TQ62AZr2kAACWG7uuF4o334.png",
			"size":	38427,
			"type":	"png"
		}, {
			"user":	"kevin",
			"md5":	"3f3b68cfb16ecc029c41906c191517c4",
			"time":	"2019-06-26 18:06:37",
			"filename":	"top1.png",
			"share_status":	0,
			"pv":	0,
			"url":	"http://192.168.0.10:80/group1/M00/00/00/wKgACl0SZIuAfBxUAABsSm3eEwY131.png",
			"size":	27722,
			"type":	"png"
		}, {
			"user":	"kevin",
			"md5":	"086cd167e83f5e9dd9fcab1dbff4209e",
			"time":	"2019-06-26 18:06:54",
			"filename":	"login2.jpg",
			"share_status":	0,
			"pv":	0,
			"url":	"http://192.168.0.10:80/group1/M00/00/00/wKgACl0TQ76ABHskAAG0rdKVUW8288.jpg",
			"size":	111789,
			"type":	"jpg"
		}, {
			"user":	"kevin",
			"md5":	"0cc78b560045ae708ba0322f7b09fa3f",
			"time":	"2019-06-26 18:06:54",
			"filename":	"logo.ico",
			"share_status":	0,
			"pv":	0,
			"url":	"http://192.168.0.10:80/group1/M00/00/00/wKgACl0TQ76AHGEDAAA2nn_3FIc381.ico",
			"size":	13982,
			"type":	"ico"
		}]
}
[2019-06-26 22:27:57]--[src_cgi/myfiles_cgi.c:496]--cmd = count
[2019-06-26 22:27:57]--[src_cgi/myfiles_cgi.c:528]--buf = {
    "token": "27f87a8c6d9d9218af275679293941fb",
    "user": "kevin"
}

[2019-06-26 22:27:57]--[src_cgi/myfiles_cgi.c:176]--line = 8
[2019-06-26 22:27:57]--[src_cgi/myfiles_cgi.c:496]--cmd = normal
[2019-06-26 22:27:57]--[src_cgi/myfiles_cgi.c:528]--buf = {
    "count": 8,
    "start": 0,
    "token": "27f87a8c6d9d9218af275679293941fb",
    "user": "kevin"
}

[2019-06-26 22:27:57]--[src_cgi/myfiles_cgi.c:548]--user = kevin, token = 27f87a8c6d9d9218af275679293941fb, start = 0, count = 8
[2019-06-26 22:27:57]--[src_cgi/myfiles_cgi.c:306]--select user_file_list.*, file_info.url, file_info.size, file_info.type from file_info, user_file_list where user = 'kevin' and file_info.md5 = user_file_list.md5 limit 0, 8 在操作
[2019-06-26 22:27:57]--[src_cgi/myfiles_cgi.c:428]--{
	"files":	[{
			"user":	"kevin",
			"md5":	"fb5f25364a4329219201a320280f7bf1",
			"time":	"2019-06-26 18:06:01",
			"filename":	"global.h",
			"share_status":	0,
			"pv":	1,
			"url":	"http://192.168.0.10:80/group1/M00/00/00/wKgACl0TQ4mABHA9AAAAW6sdX2M27706.h",
			"size":	91,
			"type":	"h"
		}, {
			"user":	"kevin",
			"md5":	"e981cee12650bc04d676eefb6d68e5ac",
			"time":	"2019-06-26 18:06:15",
			"filename":	"login.cpp",
			"share_status":	0,
			"pv":	0,
			"url":	"http://192.168.0.10:80/group1/M00/00/00/wKgACl0TQ5eAS-eMAABB57tIyEU584.cpp",
			"size":	16871,
			"type":	"cpp"
		}, {
			"user":	"kevin",
			"md5":	"56a343b02b298ebb56ffcfde1a85299d",
			"time":	"2019-06-26 18:06:36",
			"filename":	"title_share.png",
			"share_status":	0,
			"pv":	0,
			"url":	"http://192.168.0.10:80/group1/M00/00/00/wKgACl0TQ6yAGOc0AAAlhKPSEcM063.png",
			"size":	9604,
			"type":	"png"
		}, {
			"user":	"kevin",
			"md5":	"e837f9ab7f2b7daf29445c8d1c2d5ff9",
			"time":	"2019-06-26 18:06:37",
			"filename":	"title_user.png",
			"share_status":	0,
			"pv":	0,
			"url":	"http://192.168.0.10:80/group1/M00/00/00/wKgACl0TQ62AZr2kAACWG7uuF4o334.png",
			"size":	38427,
			"type":	"png"
		}, {
			"user":	"kevin",
			"md5":	"3f3b68cfb16ecc029c41906c191517c4",
			"time":	"2019-06-26 18:06:37",
			"filename":	"top1.png",
			"share_status":	0,
			"pv":	0,
			"url":	"http://192.168.0.10:80/group1/M00/00/00/wKgACl0SZIuAfBxUAABsSm3eEwY131.png",
			"size":	27722,
			"type":	"png"
		}, {
			"user":	"kevin",
			"md5":	"086cd167e83f5e9dd9fcab1dbff4209e",
			"time":	"2019-06-26 18:06:54",
			"filename":	"login2.jpg",
			"share_status":	0,
			"pv":	0,
			"url":	"http://192.168.0.10:80/group1/M00/00/00/wKgACl0TQ76ABHskAAG0rdKVUW8288.jpg",
			"size":	111789,
			"type":	"jpg"
		}, {
			"user":	"kevin",
			"md5":	"0cc78b560045ae708ba0322f7b09fa3f",
			"time":	"2019-06-26 18:06:54",
			"filename":	"logo.ico",
			"share_status":	0,
			"pv":	0,
			"url":	"http://192.168.0.10:80/group1/M00/00/00/wKgACl0TQ76AHGEDAAA2nn_3FIc381.ico",
			"size":	13982,
			"type":	"ico"
		}, {
			"user":	"kevin",
			"md5":	"0f3a7c3b2e82b201421a76578249634d",
			"time":	"2019-06-26 22:27:55",
			"filename":	"top3.png",
			"share_status":	0,
			"pv":	0,
			"url":	"http://192.168.0.10:80/group1/M00/00/00/wKgACl0SZJ2AE4jiAAB_iAFr4Y8535.png",
			"size":	32648,
			"type":	"png"
		}]
}
[2019-06-26 22:30:11]--[src_cgi/myfiles_cgi.c:496]--cmd = count
[2019-06-26 22:30:11]--[src_cgi/myfiles_cgi.c:528]--buf = {
    "token": "27f87a8c6d9d9218af275679293941fb",
    "user": "kevin"
}

[2019-06-26 22:30:11]--[src_cgi/myfiles_cgi.c:176]--line = 8
[2019-06-26 22:30:11]--[src_cgi/myfiles_cgi.c:496]--cmd = normal
[2019-06-26 22:30:11]--[src_cgi/myfiles_cgi.c:528]--buf = {
    "count": 8,
    "start": 0,
    "token": "27f87a8c6d9d9218af275679293941fb",
    "user": "kevin"
}

[2019-06-26 22:30:11]--[src_cgi/myfiles_cgi.c:548]--user = kevin, token = 27f87a8c6d9d9218af275679293941fb, start = 0, count = 8
[2019-06-26 22:30:11]--[src_cgi/myfiles_cgi.c:306]--select user_file_list.*, file_info.url, file_info.size, file_info.type from file_info, user_file_list where user = 'kevin' and file_info.md5 = user_file_list.md5 limit 0, 8 在操作
[2019-06-26 22:30:11]--[src_cgi/myfiles_cgi.c:428]--{
	"files":	[{
			"user":	"kevin",
			"md5":	"fb5f25364a4329219201a320280f7bf1",
			"time":	"2019-06-26 18:06:01",
			"filename":	"global.h",
			"share_status":	0,
			"pv":	1,
			"url":	"http://192.168.0.10:80/group1/M00/00/00/wKgACl0TQ4mABHA9AAAAW6sdX2M27706.h",
			"size":	91,
			"type":	"h"
		}, {
			"user":	"kevin",
			"md5":	"e981cee12650bc04d676eefb6d68e5ac",
			"time":	"2019-06-26 18:06:15",
			"filename":	"login.cpp",
			"share_status":	0,
			"pv":	0,
			"url":	"http://192.168.0.10:80/group1/M00/00/00/wKgACl0TQ5eAS-eMAABB57tIyEU584.cpp",
			"size":	16871,
			"type":	"cpp"
		}, {
			"user":	"kevin",
			"md5":	"56a343b02b298ebb56ffcfde1a85299d",
			"time":	"2019-06-26 18:06:36",
			"filename":	"title_share.png",
			"share_status":	0,
			"pv":	0,
			"url":	"http://192.168.0.10:80/group1/M00/00/00/wKgACl0TQ6yAGOc0AAAlhKPSEcM063.png",
			"size":	9604,
			"type":	"png"
		}, {
			"user":	"kevin",
			"md5":	"e837f9ab7f2b7daf29445c8d1c2d5ff9",
			"time":	"2019-06-26 18:06:37",
			"filename":	"title_user.png",
			"share_status":	0,
			"pv":	0,
			"url":	"http://192.168.0.10:80/group1/M00/00/00/wKgACl0TQ62AZr2kAACWG7uuF4o334.png",
			"size":	38427,
			"type":	"png"
		}, {
			"user":	"kevin",
			"md5":	"3f3b68cfb16ecc029c41906c191517c4",
			"time":	"2019-06-26 18:06:37",
			"filename":	"top1.png",
			"share_status":	0,
			"pv":	0,
			"url":	"http://192.168.0.10:80/group1/M00/00/00/wKgACl0SZIuAfBxUAABsSm3eEwY131.png",
			"size":	27722,
			"type":	"png"
		}, {
			"user":	"kevin",
			"md5":	"086cd167e83f5e9dd9fcab1dbff4209e",
			"time":	"2019-06-26 18:06:54",
			"filename":	"login2.jpg",
			"share_status":	0,
			"pv":	0,
			"url":	"http://192.168.0.10:80/group1/M00/00/00/wKgACl0TQ76ABHskAAG0rdKVUW8288.jpg",
			"size":	111789,
			"type":	"jpg"
		}, {
			"user":	"kevin",
			"md5":	"0cc78b560045ae708ba0322f7b09fa3f",
			"time":	"2019-06-26 18:06:54",
			"filename":	"logo.ico",
			"share_status":	0,
			"pv":	0,
			"url":	"http://192.168.0.10:80/group1/M00/00/00/wKgACl0TQ76AHGEDAAA2nn_3FIc381.ico",
			"size":	13982,
			"type":	"ico"
		}, {
			"user":	"kevin",
			"md5":	"0f3a7c3b2e82b201421a76578249634d",
			"time":	"2019-06-26 22:27:55",
			"filename":	"top3.png",
			"share_status":	0,
			"pv":	0,
			"url":	"http://192.168.0.10:80/group1/M00/00/00/wKgACl0SZJ2AE4jiAAB_iAFr4Y8535.png",
			"size":	32648,
			"type":	"png"
		}]
}
[2019-06-26 22:30:15]--[src_cgi/myfiles_cgi.c:496]--cmd = count
[2019-06-26 22:30:15]--[src_cgi/myfiles_cgi.c:528]--buf = {
    "token": "27f87a8c6d9d9218af275679293941fb",
    "user": "kevin"
}

[2019-06-26 22:30:15]--[src_cgi/myfiles_cgi.c:176]--line = 8
[2019-06-26 22:30:15]--[src_cgi/myfiles_cgi.c:496]--cmd = normal
[2019-06-26 22:30:15]--[src_cgi/myfiles_cgi.c:528]--buf = {
    "count": 8,
    "start": 0,
    "token": "27f87a8c6d9d9218af275679293941fb",
    "user": "kevin"
}

[2019-06-26 22:30:15]--[src_cgi/myfiles_cgi.c:548]--user = kevin, token = 27f87a8c6d9d9218af275679293941fb, start = 0, count = 8
[2019-06-26 22:30:15]--[src_cgi/myfiles_cgi.c:306]--select user_file_list.*, file_info.url, file_info.size, file_info.type from file_info, user_file_list where user = 'kevin' and file_info.md5 = user_file_list.md5 limit 0, 8 在操作
[2019-06-26 22:30:15]--[src_cgi/myfiles_cgi.c:428]--{
	"files":	[{
			"user":	"kevin",
			"md5":	"fb5f25364a4329219201a320280f7bf1",
			"time":	"2019-06-26 18:06:01",
			"filename":	"global.h",
			"share_status":	0,
			"pv":	1,
			"url":	"http://192.168.0.10:80/group1/M00/00/00/wKgACl0TQ4mABHA9AAAAW6sdX2M27706.h",
			"size":	91,
			"type":	"h"
		}, {
			"user":	"kevin",
			"md5":	"e981cee12650bc04d676eefb6d68e5ac",
			"time":	"2019-06-26 18:06:15",
			"filename":	"login.cpp",
			"share_status":	0,
			"pv":	0,
			"url":	"http://192.168.0.10:80/group1/M00/00/00/wKgACl0TQ5eAS-eMAABB57tIyEU584.cpp",
			"size":	16871,
			"type":	"cpp"
		}, {
			"user":	"kevin",
			"md5":	"56a343b02b298ebb56ffcfde1a85299d",
			"time":	"2019-06-26 18:06:36",
			"filename":	"title_share.png",
			"share_status":	0,
			"pv":	0,
			"url":	"http://192.168.0.10:80/group1/M00/00/00/wKgACl0TQ6yAGOc0AAAlhKPSEcM063.png",
			"size":	9604,
			"type":	"png"
		}, {
			"user":	"kevin",
			"md5":	"e837f9ab7f2b7daf29445c8d1c2d5ff9",
			"time":	"2019-06-26 18:06:37",
			"filename":	"title_user.png",
			"share_status":	0,
			"pv":	0,
			"url":	"http://192.168.0.10:80/group1/M00/00/00/wKgACl0TQ62AZr2kAACWG7uuF4o334.png",
			"size":	38427,
			"type":	"png"
		}, {
			"user":	"kevin",
			"md5":	"3f3b68cfb16ecc029c41906c191517c4",
			"time":	"2019-06-26 18:06:37",
			"filename":	"top1.png",
			"share_status":	0,
			"pv":	0,
			"url":	"http://192.168.0.10:80/group1/M00/00/00/wKgACl0SZIuAfBxUAABsSm3eEwY131.png",
			"size":	27722,
			"type":	"png"
		}, {
			"user":	"kevin",
			"md5":	"086cd167e83f5e9dd9fcab1dbff4209e",
			"time":	"2019-06-26 18:06:54",
			"filename":	"login2.jpg",
			"share_status":	0,
			"pv":	0,
			"url":	"http://192.168.0.10:80/group1/M00/00/00/wKgACl0TQ76ABHskAAG0rdKVUW8288.jpg",
			"size":	111789,
			"type":	"jpg"
		}, {
			"user":	"kevin",
			"md5":	"0cc78b560045ae708ba0322f7b09fa3f",
			"time":	"2019-06-26 18:06:54",
			"filename":	"logo.ico",
			"share_status":	0,
			"pv":	0,
			"url":	"http://192.168.0.10:80/group1/M00/00/00/wKgACl0TQ76AHGEDAAA2nn_3FIc381.ico",
			"size":	13982,
			"type":	"ico"
		}, {
			"user":	"kevin",
			"md5":	"0f3a7c3b2e82b201421a76578249634d",
			"time":	"2019-06-26 22:27:55",
			"filename":	"top3.png",
			"share_status":	0,
			"pv":	0,
			"url":	"http://192.168.0.10:80/group1/M00/00/00/wKgACl0SZJ2AE4jiAAB_iAFr4Y8535.png",
			"size":	32648,
			"type":	"png"
		}]
}
[2019-06-26 22:30:35]--[src_cgi/myfiles_cgi.c:496]--cmd = count
[2019-06-26 22:30:35]--[src_cgi/myfiles_cgi.c:528]--buf = {
    "token": "27f87a8c6d9d9218af275679293941fb",
    "user": "kevin"
}

[2019-06-26 22:30:35]--[src_cgi/myfiles_cgi.c:176]--line = 8
[2019-06-26 22:30:35]--[src_cgi/myfiles_cgi.c:496]--cmd = normal
[2019-06-26 22:30:35]--[src_cgi/myfiles_cgi.c:528]--buf = {
    "count": 8,
    "start": 0,
    "token": "27f87a8c6d9d9218af275679293941fb",
    "user": "kevin"
}

[2019-06-26 22:30:35]--[src_cgi/myfiles_cgi.c:548]--user = kevin, token = 27f87a8c6d9d9218af275679293941fb, start = 0, count = 8
[2019-06-26 22:30:35]--[src_cgi/myfiles_cgi.c:306]--select user_file_list.*, file_info.url, file_info.size, file_info.type from file_info, user_file_list where user = 'kevin' and file_info.md5 = user_file_list.md5 limit 0, 8 在操作
[2019-06-26 22:30:35]--[src_cgi/myfiles_cgi.c:428]--{
	"files":	[{
			"user":	"kevin",
			"md5":	"fb5f25364a4329219201a320280f7bf1",
			"time":	"2019-06-26 18:06:01",
			"filename":	"global.h",
			"share_status":	0,
			"pv":	1,
			"url":	"http://192.168.0.10:80/group1/M00/00/00/wKgACl0TQ4mABHA9AAAAW6sdX2M27706.h",
			"size":	91,
			"type":	"h"
		}, {
			"user":	"kevin",
			"md5":	"e981cee12650bc04d676eefb6d68e5ac",
			"time":	"2019-06-26 18:06:15",
			"filename":	"login.cpp",
			"share_status":	0,
			"pv":	0,
			"url":	"http://192.168.0.10:80/group1/M00/00/00/wKgACl0TQ5eAS-eMAABB57tIyEU584.cpp",
			"size":	16871,
			"type":	"cpp"
		}, {
			"user":	"kevin",
			"md5":	"56a343b02b298ebb56ffcfde1a85299d",
			"time":	"2019-06-26 18:06:36",
			"filename":	"title_share.png",
			"share_status":	0,
			"pv":	0,
			"url":	"http://192.168.0.10:80/group1/M00/00/00/wKgACl0TQ6yAGOc0AAAlhKPSEcM063.png",
			"size":	9604,
			"type":	"png"
		}, {
			"user":	"kevin",
			"md5":	"e837f9ab7f2b7daf29445c8d1c2d5ff9",
			"time":	"2019-06-26 18:06:37",
			"filename":	"title_user.png",
			"share_status":	0,
			"pv":	0,
			"url":	"http://192.168.0.10:80/group1/M00/00/00/wKgACl0TQ62AZr2kAACWG7uuF4o334.png",
			"size":	38427,
			"type":	"png"
		}, {
			"user":	"kevin",
			"md5":	"3f3b68cfb16ecc029c41906c191517c4",
			"time":	"2019-06-26 18:06:37",
			"filename":	"top1.png",
			"share_status":	0,
			"pv":	0,
			"url":	"http://192.168.0.10:80/group1/M00/00/00/wKgACl0SZIuAfBxUAABsSm3eEwY131.png",
			"size":	27722,
			"type":	"png"
		}, {
			"user":	"kevin",
			"md5":	"086cd167e83f5e9dd9fcab1dbff4209e",
			"time":	"2019-06-26 18:06:54",
			"filename":	"login2.jpg",
			"share_status":	0,
			"pv":	0,
			"url":	"http://192.168.0.10:80/group1/M00/00/00/wKgACl0TQ76ABHskAAG0rdKVUW8288.jpg",
			"size":	111789,
			"type":	"jpg"
		}, {
			"user":	"kevin",
			"md5":	"0cc78b560045ae708ba0322f7b09fa3f",
			"time":	"2019-06-26 18:06:54",
			"filename":	"logo.ico",
			"share_status":	0,
			"pv":	0,
			"url":	"http://192.168.0.10:80/group1/M00/00/00/wKgACl0TQ76AHGEDAAA2nn_3FIc381.ico",
			"size":	13982,
			"type":	"ico"
		}, {
			"user":	"kevin",
			"md5":	"0f3a7c3b2e82b201421a76578249634d",
			"time":	"2019-06-26 22:27:55",
			"filename":	"top3.png",
			"share_status":	0,
			"pv":	0,
			"url":	"http://192.168.0.10:80/group1/M00/00/00/wKgACl0SZJ2AE4jiAAB_iAFr4Y8535.png",
			"size":	32648,
			"type":	"png"
		}]
}
[2019-06-26 23:07:59]--[src_cgi/myfiles_cgi.c:40]--mysql:[user=admin,pwd=admin,database=cloud_disk][2019-06-26 23:35:22]--[src_cgi/myfiles_cgi.c:496]--cmd = count
[2019-06-26 23:35:22]--[src_cgi/myfiles_cgi.c:528]--buf = {
    "token": "0ca3949888ef11e774f396a6f30062de",
    "user": "kevin"
}

[2019-06-26 23:35:22]--[src_cgi/myfiles_cgi.c:176]--line = 8
[2019-06-26 23:35:22]--[src_cgi/myfiles_cgi.c:496]--cmd = normal
[2019-06-26 23:35:22]--[src_cgi/myfiles_cgi.c:528]--buf = {
    "count": 8,
    "start": 0,
    "token": "0ca3949888ef11e774f396a6f30062de",
    "user": "kevin"
}

[2019-06-26 23:35:22]--[src_cgi/myfiles_cgi.c:548]--user = kevin, token = 0ca3949888ef11e774f396a6f30062de, start = 0, count = 8
[2019-06-26 23:35:22]--[src_cgi/myfiles_cgi.c:306]--select user_file_list.*, file_info.url, file_info.size, file_info.type from file_info, user_file_list where user = 'kevin' and file_info.md5 = user_file_list.md5 limit 0, 8 在操作
[2019-06-26 23:35:22]--[src_cgi/myfiles_cgi.c:428]--{
	"files":	[{
			"user":	"kevin",
			"md5":	"fb5f25364a4329219201a320280f7bf1",
			"time":	"2019-06-26 18:06:01",
			"filename":	"global.h",
			"share_status":	0,
			"pv":	1,
			"url":	"http://192.168.0.10:80/group1/M00/00/00/wKgACl0TQ4mABHA9AAAAW6sdX2M27706.h",
			"size":	91,
			"type":	"h"
		}, {
			"user":	"kevin",
			"md5":	"e981cee12650bc04d676eefb6d68e5ac",
			"time":	"2019-06-26 18:06:15",
			"filename":	"login.cpp",
			"share_status":	0,
			"pv":	0,
			"url":	"http://192.168.0.10:80/group1/M00/00/00/wKgACl0TQ5eAS-eMAABB57tIyEU584.cpp",
			"size":	16871,
			"type":	"cpp"
		}, {
			"user":	"kevin",
			"md5":	"56a343b02b298ebb56ffcfde1a85299d",
			"time":	"2019-06-26 18:06:36",
			"filename":	"title_share.png",
			"share_status":	0,
			"pv":	0,
			"url":	"http://192.168.0.10:80/group1/M00/00/00/wKgACl0TQ6yAGOc0AAAlhKPSEcM063.png",
			"size":	9604,
			"type":	"png"
		}, {
			"user":	"kevin",
			"md5":	"e837f9ab7f2b7daf29445c8d1c2d5ff9",
			"time":	"2019-06-26 18:06:37",
			"filename":	"title_user.png",
			"share_status":	0,
			"pv":	0,
			"url":	"http://192.168.0.10:80/group1/M00/00/00/wKgACl0TQ62AZr2kAACWG7uuF4o334.png",
			"size":	38427,
			"type":	"png"
		}, {
			"user":	"kevin",
			"md5":	"3f3b68cfb16ecc029c41906c191517c4",
			"time":	"2019-06-26 18:06:37",
			"filename":	"top1.png",
			"share_status":	0,
			"pv":	0,
			"url":	"http://192.168.0.10:80/group1/M00/00/00/wKgACl0SZIuAfBxUAABsSm3eEwY131.png",
			"size":	27722,
			"type":	"png"
		}, {
			"user":	"kevin",
			"md5":	"086cd167e83f5e9dd9fcab1dbff4209e",
			"time":	"2019-06-26 18:06:54",
			"filename":	"login2.jpg",
			"share_status":	1,
			"pv":	0,
			"url":	"http://192.168.0.10:80/group1/M00/00/00/wKgACl0TQ76ABHskAAG0rdKVUW8288.jpg",
			"size":	111789,
			"type":	"jpg"
		}, {
			"user":	"kevin",
			"md5":	"0cc78b560045ae708ba0322f7b09fa3f",
			"time":	"2019-06-26 18:06:54",
			"filename":	"logo.ico",
			"share_status":	0,
			"pv":	0,
			"url":	"http://192.168.0.10:80/group1/M00/00/00/wKgACl0TQ76AHGEDAAA2nn_3FIc381.ico",
			"size":	13982,
			"type":	"ico"
		}, {
			"user":	"kevin",
			"md5":	"0f3a7c3b2e82b201421a76578249634d",
			"time":	"2019-06-26 22:27:55",
			"filename":	"top3.png",
			"share_status":	0,
			"pv":	0,
			"url":	"http://192.168.0.10:80/group1/M00/00/00/wKgACl0SZJ2AE4jiAAB_iAFr4Y8535.png",
			"size":	32648,
			"type":	"png"
		}]
}
